#
# There is insufficient memory for the Java Runtime Environment to continue.
# Native memory allocation (malloc) failed to allocate 870256 bytes. Error detail: Chunk::new
# Possible reasons:
#   The system is out of physical RAM or swap space
#   This process is running with CompressedOops enabled, and the Java Heap may be blocking the growth of the native heap
# Possible solutions:
#   Reduce memory load on the system
#   Increase physical memory or swap space
#   Check if swap backing store is full
#   Decrease Java heap size (-Xmx/-Xms)
#   Decrease number of Java threads
#   Decrease Java thread stack sizes (-Xss)
#   Set larger code cache with -XX:ReservedCodeCacheSize=
#   JVM is running with Unscaled Compressed Oops mode in which the Java heap is
#     placed in the first 4GB address space. The Java Heap base address is the
#     maximum limit for the native heap growth. Please use -XX:HeapBaseMinAddress
#     to set the Java Heap base and to place the Java Heap above 4GB virtual address.
# This output file may be truncated or incomplete.
#
#  Out of Memory Error (arena.cpp:150), pid=1544, tid=8716
#
# JRE version: Java(TM) SE Runtime Environment (22.0.2+9) (build 22.0.2+9-70)
# Java VM: Java HotSpot(TM) 64-Bit Server VM (22.0.2+9-70, mixed mode, sharing, tiered, compressed oops, compressed class ptrs, g1 gc, windows-amd64)
# No core dump will be written. Minidumps are not enabled by default on client versions of Windows
#

---------------  S U M M A R Y ------------

Command Line: -javaagent:D:\java\IntelliJ IDEA Community Edition 2022.3\lib\idea_rt.jar=49751:D:\java\IntelliJ IDEA Community Edition 2022.3\bin -Dfile.encoding=UTF-8 -Dsun.stdout.encoding=UTF-8 -Dsun.stderr.encoding=UTF-8 com.kiet.ECommerceApplication

Host: AMD Ryzen 5 5500U with Radeon Graphics         , 12 cores, 7G,  Windows 11 , 64 bit Build 22621 (10.0.22621.3958)
Time: Sun Oct 13 07:58:41 2024 SE Asia Standard Time elapsed time: 493.031167 seconds (0d 0h 8m 13s)

---------------  T H R E A D  ---------------

Current thread (0x0000020b7f0536c0):  JavaThread "C2 CompilerThread0" daemon [_thread_in_native, id=8716, stack(0x0000002733c00000,0x0000002733d00000) (1024K)]


Current CompileTask:
C2:493035 16024   !   4       org.apache.catalina.connector.CoyoteAdapter::postParseRequest (1144 bytes)

Stack: [0x0000002733c00000,0x0000002733d00000]
Native frames: (J=compiled Java code, j=interpreted, Vv=VM code, C=native code)
V  [jvm.dll+0x6e26e9]  (no source info available)
V  [jvm.dll+0x875753]  (no source info available)
V  [jvm.dll+0x877b7e]  (no source info available)
V  [jvm.dll+0x878253]  (no source info available)
V  [jvm.dll+0x27fc86]  (no source info available)
V  [jvm.dll+0xc3d0f]  (no source info available)
V  [jvm.dll+0xc3f6b]  (no source info available)
V  [jvm.dll+0x3bb442]  (no source info available)
V  [jvm.dll+0x387d4b]  (no source info available)
V  [jvm.dll+0x3871ba]  (no source info available)
V  [jvm.dll+0x2477f8]  (no source info available)
V  [jvm.dll+0x246e9f]  (no source info available)
V  [jvm.dll+0x1c4e80]  (no source info available)
V  [jvm.dll+0x2568f3]  (no source info available)
V  [jvm.dll+0x254baa]  (no source info available)
V  [jvm.dll+0x3f57a6]  (no source info available)
V  [jvm.dll+0x81dc0b]  (no source info available)
V  [jvm.dll+0x6e0d85]  (no source info available)
C  [ucrtbase.dll+0x29333]  (no source info available)
C  [KERNEL32.DLL+0x1257d]  (no source info available)
C  [ntdll.dll+0x5af08]  (no source info available)


---------------  P R O C E S S  ---------------

Threads class SMR info:
_java_thread_list=0x0000020b60f9fd90, length=31, elements={
0x0000020b7f03c5e0, 0x0000020b7f03d300, 0x0000020b7f0409e0, 0x0000020b7f0437d0,
0x0000020b7f0449a0, 0x0000020b7f047420, 0x0000020b7f0536c0, 0x0000020b7f074180,
0x0000020b174bceb0, 0x0000020b17720780, 0x0000020b178c8970, 0x0000020b5ed86f90,
0x0000020b5ed87620, 0x0000020b5ed88340, 0x0000020b5ed84ec0, 0x0000020b5ed85550,
0x0000020b5ed86900, 0x0000020b61efa2b0, 0x0000020b61efd730, 0x0000020b61efa940,
0x0000020b61efca10, 0x0000020b61efafd0, 0x0000020b61efbcf0, 0x0000020b61efb660,
0x0000020b61efc380, 0x0000020b61efd0a0, 0x0000020b62167980, 0x0000020b621658b0,
0x0000020b621637e0, 0x0000020b621665d0, 0x0000020b62162ac0
}

Java Threads: ( => current thread )
  0x0000020b7f03c5e0 JavaThread "Reference Handler"          daemon [_thread_blocked, id=5340, stack(0x0000002733600000,0x0000002733700000) (1024K)]
  0x0000020b7f03d300 JavaThread "Finalizer"                  daemon [_thread_blocked, id=8348, stack(0x0000002733700000,0x0000002733800000) (1024K)]
  0x0000020b7f0409e0 JavaThread "Signal Dispatcher"          daemon [_thread_blocked, id=2824, stack(0x0000002733800000,0x0000002733900000) (1024K)]
  0x0000020b7f0437d0 JavaThread "Attach Listener"            daemon [_thread_blocked, id=8120, stack(0x0000002733900000,0x0000002733a00000) (1024K)]
  0x0000020b7f0449a0 JavaThread "Service Thread"             daemon [_thread_blocked, id=8156, stack(0x0000002733a00000,0x0000002733b00000) (1024K)]
  0x0000020b7f047420 JavaThread "Monitor Deflation Thread"   daemon [_thread_blocked, id=8728, stack(0x0000002733b00000,0x0000002733c00000) (1024K)]
=>0x0000020b7f0536c0 JavaThread "C2 CompilerThread0"         daemon [_thread_in_native, id=8716, stack(0x0000002733c00000,0x0000002733d00000) (1024K)]
  0x0000020b7f074180 JavaThread "C1 CompilerThread0"         daemon [_thread_blocked, id=8296, stack(0x0000002733d00000,0x0000002733e00000) (1024K)]
  0x0000020b174bceb0 JavaThread "Common-Cleaner"             daemon [_thread_blocked, id=8312, stack(0x0000002733e00000,0x0000002733f00000) (1024K)]
  0x0000020b17720780 JavaThread "Monitor Ctrl-Break"         daemon [_thread_in_native, id=7656, stack(0x0000002734100000,0x0000002734200000) (1024K)]
  0x0000020b178c8970 JavaThread "Notification Thread"        daemon [_thread_blocked, id=4672, stack(0x0000002734200000,0x0000002734300000) (1024K)]
  0x0000020b5ed86f90 JavaThread "Catalina-utility-1"                [_thread_blocked, id=16340, stack(0x0000002735000000,0x0000002735100000) (1024K)]
  0x0000020b5ed87620 JavaThread "Catalina-utility-2"                [_thread_blocked, id=16364, stack(0x0000002735100000,0x0000002735200000) (1024K)]
  0x0000020b5ed88340 JavaThread "container-0"                       [_thread_blocked, id=16372, stack(0x0000002735200000,0x0000002735300000) (1024K)]
  0x0000020b5ed84ec0 JavaThread "mysql-cj-abandoned-connection-cleanup" daemon [_thread_blocked, id=10600, stack(0x0000002735300000,0x0000002735400000) (1024K)]
  0x0000020b5ed85550 JavaThread "HikariPool-1 housekeeper"   daemon [_thread_blocked, id=9628, stack(0x0000002735500000,0x0000002735600000) (1024K)]
  0x0000020b5ed86900 JavaThread "File Watcher"               daemon [_thread_blocked, id=4568, stack(0x0000002735700000,0x0000002735800000) (1024K)]
  0x0000020b61efa2b0 JavaThread "Live Reload Server"         daemon [_thread_in_native, id=1980, stack(0x0000002735900000,0x0000002735a00000) (1024K)]
  0x0000020b61efd730 JavaThread "http-nio-5454-exec-1"       daemon [_thread_blocked, id=12024, stack(0x0000002735800000,0x0000002735900000) (1024K)]
  0x0000020b61efa940 JavaThread "http-nio-5454-exec-2"       daemon [_thread_blocked, id=2852, stack(0x0000002735a00000,0x0000002735b00000) (1024K)]
  0x0000020b61efca10 JavaThread "http-nio-5454-exec-3"       daemon [_thread_blocked, id=7188, stack(0x0000002735b00000,0x0000002735c00000) (1024K)]
  0x0000020b61efafd0 JavaThread "http-nio-5454-exec-4"       daemon [_thread_blocked, id=2544, stack(0x0000002735c00000,0x0000002735d00000) (1024K)]
  0x0000020b61efbcf0 JavaThread "http-nio-5454-exec-5"       daemon [_thread_blocked, id=1452, stack(0x0000002735d00000,0x0000002735e00000) (1024K)]
  0x0000020b61efb660 JavaThread "http-nio-5454-exec-6"       daemon [_thread_blocked, id=2548, stack(0x0000002735e00000,0x0000002735f00000) (1024K)]
  0x0000020b61efc380 JavaThread "http-nio-5454-exec-7"       daemon [_thread_blocked, id=2404, stack(0x0000002735f00000,0x0000002736000000) (1024K)]
  0x0000020b61efd0a0 JavaThread "http-nio-5454-exec-8"       daemon [_thread_blocked, id=1500, stack(0x0000002736000000,0x0000002736100000) (1024K)]
  0x0000020b62167980 JavaThread "http-nio-5454-exec-9"       daemon [_thread_blocked, id=1988, stack(0x0000002736100000,0x0000002736200000) (1024K)]
  0x0000020b621658b0 JavaThread "http-nio-5454-exec-10"      daemon [_thread_blocked, id=13912, stack(0x0000002736200000,0x0000002736300000) (1024K)]
  0x0000020b621637e0 JavaThread "http-nio-5454-Poller"       daemon [_thread_in_native, id=10660, stack(0x0000002736300000,0x0000002736400000) (1024K)]
  0x0000020b621665d0 JavaThread "http-nio-5454-Acceptor"     daemon [_thread_in_native, id=3004, stack(0x0000002736400000,0x0000002736500000) (1024K)]
  0x0000020b62162ac0 JavaThread "DestroyJavaVM"                     [_thread_blocked, id=8368, stack(0x0000002732e00000,0x0000002732f00000) (1024K)]
Total: 31

Other Threads:
  0x0000020b7f01b4a0 VMThread "VM Thread"                           [id=1972, stack(0x0000002733500000,0x0000002733600000) (1024K)]
  0x0000020b7f005a40 WatcherThread "VM Periodic Task Thread"        [id=8612, stack(0x0000002733400000,0x0000002733500000) (1024K)]
  0x0000020b79971790 WorkerThread "GC Thread#0"                     [id=7728, stack(0x0000002732f00000,0x0000002733000000) (1024K)]
  0x0000020b5d247450 WorkerThread "GC Thread#1"                     [id=4872, stack(0x0000002734300000,0x0000002734400000) (1024K)]
  0x0000020b17d03c00 WorkerThread "GC Thread#2"                     [id=8280, stack(0x0000002734400000,0x0000002734500000) (1024K)]
  0x0000020b17d03fb0 WorkerThread "GC Thread#3"                     [id=7244, stack(0x0000002734500000,0x0000002734600000) (1024K)]
  0x0000020b17d47700 WorkerThread "GC Thread#4"                     [id=3756, stack(0x0000002734600000,0x0000002734700000) (1024K)]
  0x0000020b17c909b0 WorkerThread "GC Thread#5"                     [id=3708, stack(0x0000002734700000,0x0000002734800000) (1024K)]
  0x0000020b5d2b74a0 WorkerThread "GC Thread#6"                     [id=3744, stack(0x0000002734800000,0x0000002734900000) (1024K)]
  0x0000020b5d6d0190 WorkerThread "GC Thread#7"                     [id=16260, stack(0x0000002734c00000,0x0000002734d00000) (1024K)]
  0x0000020b5db7b320 WorkerThread "GC Thread#8"                     [id=7492, stack(0x0000002734d00000,0x0000002734e00000) (1024K)]
  0x0000020b5db836c0 WorkerThread "GC Thread#9"                     [id=10560, stack(0x0000002734e00000,0x0000002734f00000) (1024K)]
  0x0000020b79981340 ConcurrentGCThread "G1 Main Marker"            [id=8168, stack(0x0000002733000000,0x0000002733100000) (1024K)]
  0x0000020b79982500 WorkerThread "G1 Conc#0"                       [id=8016, stack(0x0000002733100000,0x0000002733200000) (1024K)]
  0x0000020b604acef0 WorkerThread "G1 Conc#1"                       [id=16360, stack(0x0000002734a00000,0x0000002734b00000) (1024K)]
  0x0000020b604ad2a0 WorkerThread "G1 Conc#2"                       [id=16368, stack(0x0000002734f00000,0x0000002735000000) (1024K)]
  0x0000020b799ce6c0 ConcurrentGCThread "G1 Refine#0"               [id=8648, stack(0x0000002733200000,0x0000002733300000) (1024K)]
  0x0000020b7eed9030 ConcurrentGCThread "G1 Service"                [id=7672, stack(0x0000002733300000,0x0000002733400000) (1024K)]
Total: 18

Threads with active compile tasks:
C2 CompilerThread0  493162 16024   !   4       org.apache.catalina.connector.CoyoteAdapter::postParseRequest (1144 bytes)
Total: 1

VM state: not at safepoint (normal execution)

VM Mutex/Monitor currently owned by a thread: None

Heap address: 0x000000008a800000, size: 1880 MB, Compressed Oops mode: 32-bit

CDS archive(s) mapped at: [0x0000020b18000000-0x0000020b18c60000-0x0000020b18c60000), size 12976128, SharedBaseAddress: 0x0000020b18000000, ArchiveRelocationMode: 1.
Compressed class space mapped at: 0x0000020b19000000-0x0000020b59000000, reserved size: 1073741824
Narrow klass base: 0x0000020b18000000, Narrow klass shift: 0, Narrow klass range: 0x41000000

GC Precious Log:
 CardTable entry size: 512
 Card Set container configuration: InlinePtr #cards 5 size 8 Array Of Cards #cards 12 size 40 Howl #buckets 4 coarsen threshold 1843 Howl Bitmap #cards 512 size 80 coarsen threshold 460 Card regions per heap region 1 cards per card region 2048
 CPUs: 12 total, 12 available
 Memory: 7514M
 Large Page Support: Disabled
 NUMA Support: Disabled
 Compressed Oops: Enabled (32-bit)
 Heap Region Size: 1M
 Heap Min Capacity: 8M
 Heap Initial Capacity: 118M
 Heap Max Capacity: 1880M
 Pre-touch: Disabled
 Parallel Workers: 10
 Concurrent Workers: 3
 Concurrent Refinement Workers: 10
 Periodic GC: Disabled

Heap:
 garbage-first heap   total reserved 1925120K, committed 131072K, used 113105K [0x000000008a800000, 0x0000000100000000)
  region size 1024K, 76 young (77824K), 1 survivors (1024K)
 Metaspace       used 85281K, committed 86016K, reserved 1179648K
  class space    used 11595K, committed 11904K, reserved 1048576K

Heap Regions: E=young(eden), S=young(survivor), O=old, HS=humongous(starts), HC=humongous(continues), CS=collection set, F=free, TAMS=top-at-mark-start, PB=parsable bottom
|   0|0x000000008a800000, 0x000000008a900000, 0x000000008a900000|100%|HS|  |TAMS 0x000000008a800000| PB 0x000000008a800000| Complete |  0
|   1|0x000000008a900000, 0x000000008aa00000, 0x000000008aa00000|100%| O|  |TAMS 0x000000008a900000| PB 0x000000008a900000| Untracked |  0
|   2|0x000000008aa00000, 0x000000008ab00000, 0x000000008ab00000|100%| O|  |TAMS 0x000000008aa00000| PB 0x000000008aa00000| Untracked |  0
|   3|0x000000008ab00000, 0x000000008ac00000, 0x000000008ac00000|100%| O|  |TAMS 0x000000008ab00000| PB 0x000000008ab00000| Untracked |  0
|   4|0x000000008ac00000, 0x000000008ac00000, 0x000000008ad00000|  0%| F|  |TAMS 0x000000008ac00000| PB 0x000000008ac00000| Untracked |  0
|   5|0x000000008ad00000, 0x000000008ae00000, 0x000000008ae00000|100%| O|  |TAMS 0x000000008ad00000| PB 0x000000008ad00000| Untracked |  0
|   6|0x000000008ae00000, 0x000000008af00000, 0x000000008af00000|100%| O|  |TAMS 0x000000008ae00000| PB 0x000000008ae00000| Untracked |  0
|   7|0x000000008af00000, 0x000000008b000000, 0x000000008b000000|100%| O|  |TAMS 0x000000008af00000| PB 0x000000008af00000| Untracked |  0
|   8|0x000000008b000000, 0x000000008b100000, 0x000000008b100000|100%| O|  |TAMS 0x000000008b000000| PB 0x000000008b000000| Untracked |  0
|   9|0x000000008b100000, 0x000000008b200000, 0x000000008b200000|100%| O|  |TAMS 0x000000008b100000| PB 0x000000008b100000| Untracked |  0
|  10|0x000000008b200000, 0x000000008b300000, 0x000000008b300000|100%| O|  |TAMS 0x000000008b200000| PB 0x000000008b200000| Untracked |  0
|  11|0x000000008b300000, 0x000000008b400000, 0x000000008b400000|100%| O|  |TAMS 0x000000008b300000| PB 0x000000008b300000| Untracked |  0
|  12|0x000000008b400000, 0x000000008b500000, 0x000000008b500000|100%| O|  |TAMS 0x000000008b400000| PB 0x000000008b400000| Untracked |  0
|  13|0x000000008b500000, 0x000000008b600000, 0x000000008b600000|100%| O|  |TAMS 0x000000008b500000| PB 0x000000008b500000| Untracked |  0
|  14|0x000000008b600000, 0x000000008b700000, 0x000000008b700000|100%| O|  |TAMS 0x000000008b600000| PB 0x000000008b600000| Untracked |  0
|  15|0x000000008b700000, 0x000000008b800000, 0x000000008b800000|100%| O|  |TAMS 0x000000008b700000| PB 0x000000008b700000| Untracked |  0
|  16|0x000000008b800000, 0x000000008b900000, 0x000000008b900000|100%| O|  |TAMS 0x000000008b800000| PB 0x000000008b800000| Untracked |  0
|  17|0x000000008b900000, 0x000000008ba00000, 0x000000008ba00000|100%| O|  |TAMS 0x000000008b900000| PB 0x000000008b900000| Untracked |  0
|  18|0x000000008ba00000, 0x000000008bb00000, 0x000000008bb00000|100%| O|  |TAMS 0x000000008ba00000| PB 0x000000008ba00000| Untracked |  0
|  19|0x000000008bb00000, 0x000000008bb68df0, 0x000000008bc00000| 40%| O|  |TAMS 0x000000008bb00000| PB 0x000000008bb00000| Untracked |  0
|  20|0x000000008bc00000, 0x000000008bd00000, 0x000000008bd00000|100%| O|  |TAMS 0x000000008bc00000| PB 0x000000008bc00000| Untracked |  0
|  21|0x000000008bd00000, 0x000000008be00000, 0x000000008be00000|100%| O|  |TAMS 0x000000008bd00000| PB 0x000000008bd00000| Untracked |  0
|  22|0x000000008be00000, 0x000000008bf00000, 0x000000008bf00000|100%| O|  |TAMS 0x000000008be00000| PB 0x000000008be00000| Untracked |  0
|  23|0x000000008bf00000, 0x000000008c000000, 0x000000008c000000|100%| O|  |TAMS 0x000000008bf00000| PB 0x000000008bf00000| Untracked |  0
|  24|0x000000008c000000, 0x000000008c100000, 0x000000008c100000|100%| O|  |TAMS 0x000000008c000000| PB 0x000000008c000000| Untracked |  0
|  25|0x000000008c100000, 0x000000008c200000, 0x000000008c200000|100%| O|  |TAMS 0x000000008c100000| PB 0x000000008c100000| Untracked |  0
|  26|0x000000008c200000, 0x000000008c300000, 0x000000008c300000|100%| O|  |TAMS 0x000000008c200000| PB 0x000000008c200000| Untracked |  0
|  27|0x000000008c300000, 0x000000008c400000, 0x000000008c400000|100%| O|  |TAMS 0x000000008c300000| PB 0x000000008c300000| Untracked |  0
|  28|0x000000008c400000, 0x000000008c500000, 0x000000008c500000|100%| O|  |TAMS 0x000000008c400000| PB 0x000000008c400000| Untracked |  0
|  29|0x000000008c500000, 0x000000008c600000, 0x000000008c600000|100%| O|  |TAMS 0x000000008c500000| PB 0x000000008c500000| Untracked |  0
|  30|0x000000008c600000, 0x000000008c700000, 0x000000008c700000|100%| O|  |TAMS 0x000000008c600000| PB 0x000000008c600000| Untracked |  0
|  31|0x000000008c700000, 0x000000008c800000, 0x000000008c800000|100%| O|  |TAMS 0x000000008c700000| PB 0x000000008c700000| Untracked |  0
|  32|0x000000008c800000, 0x000000008c900000, 0x000000008c900000|100%| O|  |TAMS 0x000000008c800000| PB 0x000000008c800000| Untracked |  0
|  33|0x000000008c900000, 0x000000008ca00000, 0x000000008ca00000|100%| O|  |TAMS 0x000000008c900000| PB 0x000000008c900000| Untracked |  0
|  34|0x000000008ca00000, 0x000000008cb00000, 0x000000008cb00000|100%| O|  |TAMS 0x000000008ca00000| PB 0x000000008ca00000| Untracked |  0
|  35|0x000000008cb00000, 0x000000008cc00000, 0x000000008cc00000|100%| O|  |TAMS 0x000000008cb00000| PB 0x000000008cb00000| Untracked |  0
|  36|0x000000008cc00000, 0x000000008cd00000, 0x000000008cd00000|100%| O|  |TAMS 0x000000008cc00000| PB 0x000000008cc00000| Untracked |  0
|  37|0x000000008cd00000, 0x000000008ce00000, 0x000000008ce00000|100%| O|  |TAMS 0x000000008cd00000| PB 0x000000008cd00000| Untracked |  0
|  38|0x000000008ce00000, 0x000000008cf00000, 0x000000008cf00000|100%| O|  |TAMS 0x000000008ce00000| PB 0x000000008ce00000| Untracked |  0
|  39|0x000000008cf00000, 0x000000008cf00000, 0x000000008d000000|  0%| F|  |TAMS 0x000000008cf00000| PB 0x000000008cf00000| Untracked |  0
|  40|0x000000008d000000, 0x000000008d000000, 0x000000008d100000|  0%| F|  |TAMS 0x000000008d000000| PB 0x000000008d000000| Untracked |  0
|  41|0x000000008d100000, 0x000000008d100000, 0x000000008d200000|  0%| F|  |TAMS 0x000000008d100000| PB 0x000000008d100000| Untracked |  0
|  42|0x000000008d200000, 0x000000008d200000, 0x000000008d300000|  0%| F|  |TAMS 0x000000008d200000| PB 0x000000008d200000| Untracked |  0
|  43|0x000000008d300000, 0x000000008d300000, 0x000000008d400000|  0%| F|  |TAMS 0x000000008d300000| PB 0x000000008d300000| Untracked |  0
|  44|0x000000008d400000, 0x000000008d400000, 0x000000008d500000|  0%| F|  |TAMS 0x000000008d400000| PB 0x000000008d400000| Untracked |  0
|  45|0x000000008d500000, 0x000000008d500000, 0x000000008d600000|  0%| F|  |TAMS 0x000000008d500000| PB 0x000000008d500000| Untracked |  0
|  46|0x000000008d600000, 0x000000008d600000, 0x000000008d700000|  0%| F|  |TAMS 0x000000008d600000| PB 0x000000008d600000| Untracked |  0
|  47|0x000000008d700000, 0x000000008d700000, 0x000000008d800000|  0%| F|  |TAMS 0x000000008d700000| PB 0x000000008d700000| Untracked |  0
|  48|0x000000008d800000, 0x000000008d800000, 0x000000008d900000|  0%| F|  |TAMS 0x000000008d800000| PB 0x000000008d800000| Untracked |  0
|  49|0x000000008d900000, 0x000000008d900000, 0x000000008da00000|  0%| F|  |TAMS 0x000000008d900000| PB 0x000000008d900000| Untracked |  0
|  50|0x000000008da00000, 0x000000008da00000, 0x000000008db00000|  0%| F|  |TAMS 0x000000008da00000| PB 0x000000008da00000| Untracked |  0
|  51|0x000000008db00000, 0x000000008db0b910, 0x000000008dc00000|  4%| S|CS|TAMS 0x000000008db00000| PB 0x000000008db00000| Complete |  0
|  52|0x000000008dc00000, 0x000000008dc00000, 0x000000008dd00000|  0%| F|  |TAMS 0x000000008dc00000| PB 0x000000008dc00000| Untracked |  0
|  53|0x000000008dd00000, 0x000000008ddaa9b0, 0x000000008de00000| 66%| E|  |TAMS 0x000000008dd00000| PB 0x000000008dd00000| Complete |  0
|  54|0x000000008de00000, 0x000000008df00000, 0x000000008df00000|100%| E|CS|TAMS 0x000000008de00000| PB 0x000000008de00000| Complete |  0
|  55|0x000000008df00000, 0x000000008e000000, 0x000000008e000000|100%| E|CS|TAMS 0x000000008df00000| PB 0x000000008df00000| Complete |  0
|  56|0x000000008e000000, 0x000000008e100000, 0x000000008e100000|100%| E|CS|TAMS 0x000000008e000000| PB 0x000000008e000000| Complete |  0
|  57|0x000000008e100000, 0x000000008e200000, 0x000000008e200000|100%| E|CS|TAMS 0x000000008e100000| PB 0x000000008e100000| Complete |  0
|  58|0x000000008e200000, 0x000000008e300000, 0x000000008e300000|100%| E|CS|TAMS 0x000000008e200000| PB 0x000000008e200000| Complete |  0
|  59|0x000000008e300000, 0x000000008e400000, 0x000000008e400000|100%| E|CS|TAMS 0x000000008e300000| PB 0x000000008e300000| Complete |  0
|  60|0x000000008e400000, 0x000000008e500000, 0x000000008e500000|100%| E|CS|TAMS 0x000000008e400000| PB 0x000000008e400000| Complete |  0
|  61|0x000000008e500000, 0x000000008e600000, 0x000000008e600000|100%| E|CS|TAMS 0x000000008e500000| PB 0x000000008e500000| Complete |  0
|  62|0x000000008e600000, 0x000000008e700000, 0x000000008e700000|100%| E|CS|TAMS 0x000000008e600000| PB 0x000000008e600000| Complete |  0
|  63|0x000000008e700000, 0x000000008e800000, 0x000000008e800000|100%| E|CS|TAMS 0x000000008e700000| PB 0x000000008e700000| Complete |  0
|  64|0x000000008e800000, 0x000000008e900000, 0x000000008e900000|100%| E|CS|TAMS 0x000000008e800000| PB 0x000000008e800000| Complete |  0
|  65|0x000000008e900000, 0x000000008ea00000, 0x000000008ea00000|100%| E|CS|TAMS 0x000000008e900000| PB 0x000000008e900000| Complete |  0
|  66|0x000000008ea00000, 0x000000008eb00000, 0x000000008eb00000|100%| E|CS|TAMS 0x000000008ea00000| PB 0x000000008ea00000| Complete |  0
|  67|0x000000008eb00000, 0x000000008ec00000, 0x000000008ec00000|100%| E|CS|TAMS 0x000000008eb00000| PB 0x000000008eb00000| Complete |  0
|  68|0x000000008ec00000, 0x000000008ed00000, 0x000000008ed00000|100%| E|  |TAMS 0x000000008ec00000| PB 0x000000008ec00000| Complete |  0
|  69|0x000000008ed00000, 0x000000008ee00000, 0x000000008ee00000|100%| E|CS|TAMS 0x000000008ed00000| PB 0x000000008ed00000| Complete |  0
|  70|0x000000008ee00000, 0x000000008ef00000, 0x000000008ef00000|100%| E|CS|TAMS 0x000000008ee00000| PB 0x000000008ee00000| Complete |  0
|  71|0x000000008ef00000, 0x000000008f000000, 0x000000008f000000|100%| E|CS|TAMS 0x000000008ef00000| PB 0x000000008ef00000| Complete |  0
|  72|0x000000008f000000, 0x000000008f100000, 0x000000008f100000|100%| E|CS|TAMS 0x000000008f000000| PB 0x000000008f000000| Complete |  0
|  73|0x000000008f100000, 0x000000008f200000, 0x000000008f200000|100%| E|CS|TAMS 0x000000008f100000| PB 0x000000008f100000| Complete |  0
|  74|0x000000008f200000, 0x000000008f300000, 0x000000008f300000|100%| E|CS|TAMS 0x000000008f200000| PB 0x000000008f200000| Complete |  0
|  75|0x000000008f300000, 0x000000008f400000, 0x000000008f400000|100%| E|CS|TAMS 0x000000008f300000| PB 0x000000008f300000| Complete |  0
|  76|0x000000008f400000, 0x000000008f500000, 0x000000008f500000|100%| E|CS|TAMS 0x000000008f400000| PB 0x000000008f400000| Complete |  0
|  77|0x000000008f500000, 0x000000008f600000, 0x000000008f600000|100%| E|CS|TAMS 0x000000008f500000| PB 0x000000008f500000| Complete |  0
|  78|0x000000008f600000, 0x000000008f700000, 0x000000008f700000|100%| E|CS|TAMS 0x000000008f600000| PB 0x000000008f600000| Complete |  0
|  79|0x000000008f700000, 0x000000008f800000, 0x000000008f800000|100%| E|CS|TAMS 0x000000008f700000| PB 0x000000008f700000| Complete |  0
|  80|0x000000008f800000, 0x000000008f900000, 0x000000008f900000|100%| E|CS|TAMS 0x000000008f800000| PB 0x000000008f800000| Complete |  0
|  81|0x000000008f900000, 0x000000008fa00000, 0x000000008fa00000|100%| E|CS|TAMS 0x000000008f900000| PB 0x000000008f900000| Complete |  0
|  82|0x000000008fa00000, 0x000000008fb00000, 0x000000008fb00000|100%| E|CS|TAMS 0x000000008fa00000| PB 0x000000008fa00000| Complete |  0
|  83|0x000000008fb00000, 0x000000008fc00000, 0x000000008fc00000|100%| E|CS|TAMS 0x000000008fb00000| PB 0x000000008fb00000| Complete |  0
|  84|0x000000008fc00000, 0x000000008fd00000, 0x000000008fd00000|100%| E|CS|TAMS 0x000000008fc00000| PB 0x000000008fc00000| Complete |  0
|  85|0x000000008fd00000, 0x000000008fe00000, 0x000000008fe00000|100%| E|CS|TAMS 0x000000008fd00000| PB 0x000000008fd00000| Complete |  0
|  86|0x000000008fe00000, 0x000000008ff00000, 0x000000008ff00000|100%| E|CS|TAMS 0x000000008fe00000| PB 0x000000008fe00000| Complete |  0
|  87|0x000000008ff00000, 0x0000000090000000, 0x0000000090000000|100%| E|CS|TAMS 0x000000008ff00000| PB 0x000000008ff00000| Complete |  0
|  88|0x0000000090000000, 0x0000000090100000, 0x0000000090100000|100%| E|CS|TAMS 0x0000000090000000| PB 0x0000000090000000| Complete |  0
|  89|0x0000000090100000, 0x0000000090200000, 0x0000000090200000|100%| E|CS|TAMS 0x0000000090100000| PB 0x0000000090100000| Complete |  0
|  90|0x0000000090200000, 0x0000000090300000, 0x0000000090300000|100%| E|CS|TAMS 0x0000000090200000| PB 0x0000000090200000| Complete |  0
|  91|0x0000000090300000, 0x0000000090400000, 0x0000000090400000|100%| E|CS|TAMS 0x0000000090300000| PB 0x0000000090300000| Complete |  0
|  92|0x0000000090400000, 0x0000000090500000, 0x0000000090500000|100%| E|CS|TAMS 0x0000000090400000| PB 0x0000000090400000| Complete |  0
|  93|0x0000000090500000, 0x0000000090600000, 0x0000000090600000|100%| E|CS|TAMS 0x0000000090500000| PB 0x0000000090500000| Complete |  0
|  94|0x0000000090600000, 0x0000000090700000, 0x0000000090700000|100%| E|CS|TAMS 0x0000000090600000| PB 0x0000000090600000| Complete |  0
|  95|0x0000000090700000, 0x0000000090800000, 0x0000000090800000|100%| E|CS|TAMS 0x0000000090700000| PB 0x0000000090700000| Complete |  0
|  96|0x0000000090800000, 0x0000000090900000, 0x0000000090900000|100%| E|CS|TAMS 0x0000000090800000| PB 0x0000000090800000| Complete |  0
|  97|0x0000000090900000, 0x0000000090a00000, 0x0000000090a00000|100%| E|CS|TAMS 0x0000000090900000| PB 0x0000000090900000| Complete |  0
|  98|0x0000000090a00000, 0x0000000090b00000, 0x0000000090b00000|100%| E|CS|TAMS 0x0000000090a00000| PB 0x0000000090a00000| Complete |  0
|  99|0x0000000090b00000, 0x0000000090c00000, 0x0000000090c00000|100%| E|CS|TAMS 0x0000000090b00000| PB 0x0000000090b00000| Complete |  0
| 100|0x0000000090c00000, 0x0000000090d00000, 0x0000000090d00000|100%| E|CS|TAMS 0x0000000090c00000| PB 0x0000000090c00000| Complete |  0
| 101|0x0000000090d00000, 0x0000000090e00000, 0x0000000090e00000|100%| E|CS|TAMS 0x0000000090d00000| PB 0x0000000090d00000| Complete |  0
| 102|0x0000000090e00000, 0x0000000090f00000, 0x0000000090f00000|100%| E|CS|TAMS 0x0000000090e00000| PB 0x0000000090e00000| Complete |  0
| 103|0x0000000090f00000, 0x0000000091000000, 0x0000000091000000|100%| E|CS|TAMS 0x0000000090f00000| PB 0x0000000090f00000| Complete |  0
| 104|0x0000000091000000, 0x0000000091100000, 0x0000000091100000|100%| E|CS|TAMS 0x0000000091000000| PB 0x0000000091000000| Complete |  0
| 105|0x0000000091100000, 0x0000000091200000, 0x0000000091200000|100%| E|CS|TAMS 0x0000000091100000| PB 0x0000000091100000| Complete |  0
| 106|0x0000000091200000, 0x0000000091300000, 0x0000000091300000|100%| E|CS|TAMS 0x0000000091200000| PB 0x0000000091200000| Complete |  0
| 107|0x0000000091300000, 0x0000000091400000, 0x0000000091400000|100%| E|CS|TAMS 0x0000000091300000| PB 0x0000000091300000| Complete |  0
| 108|0x0000000091400000, 0x0000000091500000, 0x0000000091500000|100%| E|CS|TAMS 0x0000000091400000| PB 0x0000000091400000| Complete |  0
| 109|0x0000000091500000, 0x0000000091600000, 0x0000000091600000|100%| E|CS|TAMS 0x0000000091500000| PB 0x0000000091500000| Complete |  0
| 110|0x0000000091600000, 0x0000000091700000, 0x0000000091700000|100%| E|CS|TAMS 0x0000000091600000| PB 0x0000000091600000| Complete |  0
| 111|0x0000000091700000, 0x0000000091800000, 0x0000000091800000|100%| E|CS|TAMS 0x0000000091700000| PB 0x0000000091700000| Complete |  0
| 112|0x0000000091800000, 0x0000000091900000, 0x0000000091900000|100%| E|CS|TAMS 0x0000000091800000| PB 0x0000000091800000| Complete |  0
| 113|0x0000000091900000, 0x0000000091a00000, 0x0000000091a00000|100%| E|CS|TAMS 0x0000000091900000| PB 0x0000000091900000| Complete |  0
| 114|0x0000000091a00000, 0x0000000091b00000, 0x0000000091b00000|100%| E|CS|TAMS 0x0000000091a00000| PB 0x0000000091a00000| Complete |  0
| 115|0x0000000091b00000, 0x0000000091c00000, 0x0000000091c00000|100%| E|CS|TAMS 0x0000000091b00000| PB 0x0000000091b00000| Complete |  0
| 116|0x0000000091c00000, 0x0000000091d00000, 0x0000000091d00000|100%| E|CS|TAMS 0x0000000091c00000| PB 0x0000000091c00000| Complete |  0
| 117|0x0000000091d00000, 0x0000000091e00000, 0x0000000091e00000|100%| E|CS|TAMS 0x0000000091d00000| PB 0x0000000091d00000| Complete |  0
| 118|0x0000000091e00000, 0x0000000091f00000, 0x0000000091f00000|100%| E|CS|TAMS 0x0000000091e00000| PB 0x0000000091e00000| Complete |  0
| 119|0x0000000091f00000, 0x0000000092000000, 0x0000000092000000|100%| E|CS|TAMS 0x0000000091f00000| PB 0x0000000091f00000| Complete |  0
| 120|0x0000000092000000, 0x0000000092100000, 0x0000000092100000|100%| E|CS|TAMS 0x0000000092000000| PB 0x0000000092000000| Complete |  0
| 121|0x0000000092100000, 0x0000000092200000, 0x0000000092200000|100%| E|CS|TAMS 0x0000000092100000| PB 0x0000000092100000| Complete |  0
| 122|0x0000000092200000, 0x0000000092300000, 0x0000000092300000|100%| E|CS|TAMS 0x0000000092200000| PB 0x0000000092200000| Complete |  0
| 123|0x0000000092300000, 0x0000000092400000, 0x0000000092400000|100%| E|CS|TAMS 0x0000000092300000| PB 0x0000000092300000| Complete |  0
| 124|0x0000000092400000, 0x0000000092500000, 0x0000000092500000|100%| E|CS|TAMS 0x0000000092400000| PB 0x0000000092400000| Complete |  0
| 125|0x0000000092500000, 0x0000000092600000, 0x0000000092600000|100%| E|CS|TAMS 0x0000000092500000| PB 0x0000000092500000| Complete |  0
| 126|0x0000000092600000, 0x0000000092700000, 0x0000000092700000|100%| E|CS|TAMS 0x0000000092600000| PB 0x0000000092600000| Complete |  0
| 127|0x0000000092700000, 0x0000000092800000, 0x0000000092800000|100%| E|CS|TAMS 0x0000000092700000| PB 0x0000000092700000| Complete |  0

Card table byte_map: [0x0000020b7a2d0000,0x0000020b7a680000] _byte_map_base: 0x0000020b79e7c000

Marking Bits: (CMBitMap*) 0x0000020b79971db0
 Bits: [0x0000020b7a680000, 0x0000020b7c3e0000)

Polling page: 0x0000020b77750000

Metaspace:

Usage:
  Non-class:     71.96 MB used.
      Class:     11.32 MB used.
       Both:     83.28 MB used.

Virtual space:
  Non-class space:      128.00 MB reserved,      72.38 MB ( 57%) committed,  2 nodes.
      Class space:        1.00 GB reserved,      11.62 MB (  1%) committed,  1 nodes.
             Both:        1.12 GB reserved,      84.00 MB (  7%) committed. 

Chunk freelists:
   Non-Class:  7.52 MB
       Class:  4.38 MB
        Both:  11.89 MB

MaxMetaspaceSize: unlimited
CompressedClassSpaceSize: 1.00 GB
Initial GC threshold: 21.00 MB
Current GC threshold: 140.00 MB
CDS: on
 - commit_granule_bytes: 65536.
 - commit_granule_words: 8192.
 - virtual_space_node_default_size: 8388608.
 - enlarge_chunks_in_place: 1.
 - use_allocation_guard: 0.


Internal statistics:

num_allocs_failed_limit: 6.
num_arena_births: 1128.
num_arena_deaths: 18.
num_vsnodes_births: 3.
num_vsnodes_deaths: 0.
num_space_committed: 1344.
num_space_uncommitted: 0.
num_chunks_returned_to_freelist: 33.
num_chunks_taken_from_freelist: 4226.
num_chunk_merges: 15.
num_chunk_splits: 2964.
num_chunks_enlarged: 2272.
num_inconsistent_stats: 0.

CodeHeap 'non-profiled nmethods': size=120000Kb used=6947Kb max_used=8505Kb free=113052Kb
 bounds [0x0000020b0fd60000, 0x0000020b105c0000, 0x0000020b17290000]
CodeHeap 'profiled nmethods': size=120000Kb used=860Kb max_used=23353Kb free=119140Kb
 bounds [0x0000020b08290000, 0x0000020b09960000, 0x0000020b0f7c0000]
CodeHeap 'non-nmethods': size=5760Kb used=1789Kb max_used=1859Kb free=3970Kb
 bounds [0x0000020b0f7c0000, 0x0000020b0fa30000, 0x0000020b0fd60000]
 total_blobs=2615 nmethods=1822 adapters=696
 compilation: enabled
              stopped_count=0, restarted_count=0
 full_count=0

Compilation events (20 events):
Event: 476.650 Thread 0x0000020b7f0536c0 nmethod 16014 0x0000020b0fdc4c90 code [0x0000020b0fdc4e20, 0x0000020b0fdc4f18]
Event: 476.743 Thread 0x0000020b7f0536c0 16015       4       org.apache.catalina.connector.Response::finishResponse (8 bytes)
Event: 476.750 Thread 0x0000020b7f0536c0 nmethod 16015 0x0000020b0fd84510 code [0x0000020b0fd84700, 0x0000020b0fd84ab8]
Event: 477.290 Thread 0x0000020b7f074180 16016       3       java.text.SimpleDateFormat::format (171 bytes)
Event: 477.292 Thread 0x0000020b7f074180 nmethod 16016 0x0000020b08444310 code [0x0000020b08444580, 0x0000020b08445158]
Event: 479.299 Thread 0x0000020b7f074180 16017       1       java.text.DontCareFieldPosition::getFieldDelegate (5 bytes)
Event: 479.299 Thread 0x0000020b7f074180 nmethod 16017 0x0000020b0fd6a890 code [0x0000020b0fd6aa20, 0x0000020b0fd6aae8]
Event: 479.403 Thread 0x0000020b7f0536c0 16018       4       com.fasterxml.jackson.databind.ObjectMapper::canSerialize (14 bytes)
Event: 479.417 Thread 0x0000020b7f0536c0 nmethod 16018 0x0000020b0fd8ae10 code [0x0000020b0fd8b020, 0x0000020b0fd8b668]
Event: 480.485 Thread 0x0000020b7f0536c0 16019   !   4       org.apache.coyote.http11.Http11InputBuffer::fill (438 bytes)
Event: 480.552 Thread 0x0000020b7f0536c0 nmethod 16019 0x0000020b102be110 code [0x0000020b102be4c0, 0x0000020b102c0480]
Event: 481.184 Thread 0x0000020b7f0536c0 16020       4       com.fasterxml.jackson.databind.type.TypeFactory::_fromParamType (128 bytes)
Event: 481.255 Thread 0x0000020b7f0536c0 nmethod 16020 0x0000020b0fece190 code [0x0000020b0fece4c0, 0x0000020b0fecfdf0]
Event: 481.255 Thread 0x0000020b7f0536c0 16021       4       org.apache.catalina.connector.OutputBuffer::close (133 bytes)
Event: 481.263 Thread 0x0000020b7f0536c0 nmethod 16021 0x0000020b0fd68d90 code [0x0000020b0fd68f80, 0x0000020b0fd69310]
Event: 483.299 Thread 0x0000020b7f074180 16022       1       org.apache.tomcat.util.net.NioEndpoint$NioSocketWrapper::interestOps (5 bytes)
Event: 483.299 Thread 0x0000020b7f074180 nmethod 16022 0x0000020b0fd6b210 code [0x0000020b0fd6b3a0, 0x0000020b0fd6b468]
Event: 483.321 Thread 0x0000020b7f0536c0 16023       4       java.util.Arrays::copyOf (40 bytes)
Event: 483.326 Thread 0x0000020b7f0536c0 nmethod 16023 0x0000020b0fdb2710 code [0x0000020b0fdb28c0, 0x0000020b0fdb2d78]
Event: 492.915 Thread 0x0000020b7f0536c0 16024   !   4       org.apache.catalina.connector.CoyoteAdapter::postParseRequest (1144 bytes)

GC Heap History (20 events):
Event: 477.881 GC heap before
{Heap before GC invocations=90 (full 0):
 garbage-first heap   total reserved 1925120K, committed 131072K, used 114109K [0x000000008a800000, 0x0000000100000000)
  region size 1024K, 76 young (77824K), 1 survivors (1024K)
 Metaspace       used 85281K, committed 86016K, reserved 1179648K
  class space    used 11595K, committed 11904K, reserved 1048576K
}
Event: 477.883 GC heap after
{Heap after GC invocations=91 (full 0):
 garbage-first heap   total reserved 1925120K, committed 131072K, used 38338K [0x000000008a800000, 0x0000000100000000)
  region size 1024K, 1 young (1024K), 1 survivors (1024K)
 Metaspace       used 85281K, committed 86016K, reserved 1179648K
  class space    used 11595K, committed 11904K, reserved 1048576K
}
Event: 479.380 GC heap before
{Heap before GC invocations=91 (full 0):
 garbage-first heap   total reserved 1925120K, committed 131072K, used 114114K [0x000000008a800000, 0x0000000100000000)
  region size 1024K, 76 young (77824K), 1 survivors (1024K)
 Metaspace       used 85281K, committed 86016K, reserved 1179648K
  class space    used 11595K, committed 11904K, reserved 1048576K
}
Event: 479.382 GC heap after
{Heap after GC invocations=92 (full 0):
 garbage-first heap   total reserved 1925120K, committed 131072K, used 38363K [0x000000008a800000, 0x0000000100000000)
  region size 1024K, 1 young (1024K), 1 survivors (1024K)
 Metaspace       used 85281K, committed 86016K, reserved 1179648K
  class space    used 11595K, committed 11904K, reserved 1048576K
}
Event: 481.007 GC heap before
{Heap before GC invocations=93 (full 0):
 garbage-first heap   total reserved 1925120K, committed 131072K, used 114139K [0x000000008a800000, 0x0000000100000000)
  region size 1024K, 76 young (77824K), 1 survivors (1024K)
 Metaspace       used 85281K, committed 86016K, reserved 1179648K
  class space    used 11595K, committed 11904K, reserved 1048576K
}
Event: 481.009 GC heap after
{Heap after GC invocations=94 (full 0):
 garbage-first heap   total reserved 1925120K, committed 131072K, used 38336K [0x000000008a800000, 0x0000000100000000)
  region size 1024K, 1 young (1024K), 1 survivors (1024K)
 Metaspace       used 85281K, committed 86016K, reserved 1179648K
  class space    used 11595K, committed 11904K, reserved 1048576K
}
Event: 482.568 GC heap before
{Heap before GC invocations=94 (full 0):
 garbage-first heap   total reserved 1925120K, committed 131072K, used 114112K [0x000000008a800000, 0x0000000100000000)
  region size 1024K, 76 young (77824K), 1 survivors (1024K)
 Metaspace       used 85281K, committed 86016K, reserved 1179648K
  class space    used 11595K, committed 11904K, reserved 1048576K
}
Event: 482.570 GC heap after
{Heap after GC invocations=95 (full 0):
 garbage-first heap   total reserved 1925120K, committed 131072K, used 38367K [0x000000008a800000, 0x0000000100000000)
  region size 1024K, 1 young (1024K), 1 survivors (1024K)
 Metaspace       used 85281K, committed 86016K, reserved 1179648K
  class space    used 11595K, committed 11904K, reserved 1048576K
}
Event: 484.042 GC heap before
{Heap before GC invocations=96 (full 0):
 garbage-first heap   total reserved 1925120K, committed 131072K, used 114143K [0x000000008a800000, 0x0000000100000000)
  region size 1024K, 76 young (77824K), 1 survivors (1024K)
 Metaspace       used 85281K, committed 86016K, reserved 1179648K
  class space    used 11595K, committed 11904K, reserved 1048576K
}
Event: 484.044 GC heap after
{Heap after GC invocations=97 (full 0):
 garbage-first heap   total reserved 1925120K, committed 131072K, used 38341K [0x000000008a800000, 0x0000000100000000)
  region size 1024K, 1 young (1024K), 1 survivors (1024K)
 Metaspace       used 85281K, committed 86016K, reserved 1179648K
  class space    used 11595K, committed 11904K, reserved 1048576K
}
Event: 485.472 GC heap before
{Heap before GC invocations=97 (full 0):
 garbage-first heap   total reserved 1925120K, committed 131072K, used 114117K [0x000000008a800000, 0x0000000100000000)
  region size 1024K, 76 young (77824K), 1 survivors (1024K)
 Metaspace       used 85281K, committed 86016K, reserved 1179648K
  class space    used 11595K, committed 11904K, reserved 1048576K
}
Event: 485.474 GC heap after
{Heap after GC invocations=98 (full 0):
 garbage-first heap   total reserved 1925120K, committed 131072K, used 38342K [0x000000008a800000, 0x0000000100000000)
  region size 1024K, 1 young (1024K), 1 survivors (1024K)
 Metaspace       used 85281K, committed 86016K, reserved 1179648K
  class space    used 11595K, committed 11904K, reserved 1048576K
}
Event: 486.928 GC heap before
{Heap before GC invocations=99 (full 0):
 garbage-first heap   total reserved 1925120K, committed 131072K, used 114118K [0x000000008a800000, 0x0000000100000000)
  region size 1024K, 76 young (77824K), 1 survivors (1024K)
 Metaspace       used 85281K, committed 86016K, reserved 1179648K
  class space    used 11595K, committed 11904K, reserved 1048576K
}
Event: 486.930 GC heap after
{Heap after GC invocations=100 (full 0):
 garbage-first heap   total reserved 1925120K, committed 131072K, used 38355K [0x000000008a800000, 0x0000000100000000)
  region size 1024K, 1 young (1024K), 1 survivors (1024K)
 Metaspace       used 85281K, committed 86016K, reserved 1179648K
  class space    used 11595K, committed 11904K, reserved 1048576K
}
Event: 488.396 GC heap before
{Heap before GC invocations=100 (full 0):
 garbage-first heap   total reserved 1925120K, committed 131072K, used 114131K [0x000000008a800000, 0x0000000100000000)
  region size 1024K, 76 young (77824K), 1 survivors (1024K)
 Metaspace       used 85281K, committed 86016K, reserved 1179648K
  class space    used 11595K, committed 11904K, reserved 1048576K
}
Event: 488.398 GC heap after
{Heap after GC invocations=101 (full 0):
 garbage-first heap   total reserved 1925120K, committed 131072K, used 38325K [0x000000008a800000, 0x0000000100000000)
  region size 1024K, 1 young (1024K), 1 survivors (1024K)
 Metaspace       used 85281K, committed 86016K, reserved 1179648K
  class space    used 11595K, committed 11904K, reserved 1048576K
}
Event: 489.951 GC heap before
{Heap before GC invocations=102 (full 0):
 garbage-first heap   total reserved 1925120K, committed 131072K, used 114101K [0x000000008a800000, 0x0000000100000000)
  region size 1024K, 76 young (77824K), 1 survivors (1024K)
 Metaspace       used 85281K, committed 86016K, reserved 1179648K
  class space    used 11595K, committed 11904K, reserved 1048576K
}
Event: 489.953 GC heap after
{Heap after GC invocations=103 (full 0):
 garbage-first heap   total reserved 1925120K, committed 131072K, used 38388K [0x000000008a800000, 0x0000000100000000)
  region size 1024K, 1 young (1024K), 1 survivors (1024K)
 Metaspace       used 85281K, committed 86016K, reserved 1179648K
  class space    used 11595K, committed 11904K, reserved 1048576K
}
Event: 491.463 GC heap before
{Heap before GC invocations=103 (full 0):
 garbage-first heap   total reserved 1925120K, committed 131072K, used 114164K [0x000000008a800000, 0x0000000100000000)
  region size 1024K, 76 young (77824K), 1 survivors (1024K)
 Metaspace       used 85281K, committed 86016K, reserved 1179648K
  class space    used 11595K, committed 11904K, reserved 1048576K
}
Event: 491.466 GC heap after
{Heap after GC invocations=104 (full 0):
 garbage-first heap   total reserved 1925120K, committed 131072K, used 38353K [0x000000008a800000, 0x0000000100000000)
  region size 1024K, 1 young (1024K), 1 survivors (1024K)
 Metaspace       used 85281K, committed 86016K, reserved 1179648K
  class space    used 11595K, committed 11904K, reserved 1048576K
}

Dll operation events (15 events):
Event: 0.018 Loaded shared library C:\Program Files\Java\jdk-22\bin\java.dll
Event: 0.071 Loaded shared library C:\Program Files\Java\jdk-22\bin\jsvml.dll
Event: 0.229 Loaded shared library C:\Program Files\Java\jdk-22\bin\zip.dll
Event: 0.236 Loaded shared library C:\Program Files\Java\jdk-22\bin\instrument.dll
Event: 0.246 Loaded shared library C:\Program Files\Java\jdk-22\bin\net.dll
Event: 0.250 Loaded shared library C:\Program Files\Java\jdk-22\bin\nio.dll
Event: 0.256 Loaded shared library C:\Program Files\Java\jdk-22\bin\zip.dll
Event: 0.511 Loaded shared library D:\java\IntelliJ IDEA Community Edition 2022.3\bin\breakgen64.dll
Event: 0.529 Loaded shared library C:\Program Files\Java\jdk-22\bin\extnet.dll
Event: 0.593 Loaded shared library C:\Program Files\Java\jdk-22\bin\jimage.dll
Event: 1.125 Loaded shared library C:\Program Files\Java\jdk-22\bin\management.dll
Event: 1.129 Loaded shared library C:\Program Files\Java\jdk-22\bin\management_ext.dll
Event: 1.888 Loaded shared library C:\Program Files\Java\jdk-22\bin\le.dll
Event: 2.468 Loaded shared library C:\Program Files\Java\jdk-22\bin\sunmscapi.dll
Event: 6.111 Loaded shared library C:\Program Files\Java\jdk-22\bin\verify.dll

Deoptimization events (20 events):
Event: 441.039 Thread 0x0000020b61efafd0 DEOPT PACKING pc=0x0000020b094e6fbe sp=0x0000002735cf9c70
Event: 441.039 Thread 0x0000020b61efafd0 DEOPT UNPACKING pc=0x0000020b0f814e42 sp=0x0000002735cf9130 mode 0
Event: 441.108 Thread 0x0000020b61efd730 DEOPT PACKING pc=0x0000020b094e6fbe sp=0x00000027358fa450
Event: 441.108 Thread 0x0000020b61efd730 DEOPT UNPACKING pc=0x0000020b0f814e42 sp=0x00000027358f9910 mode 0
Event: 447.579 Thread 0x0000020b62167980 Uncommon trap: trap_request=0xffffff45 fr.pc=0x0000020b0ff262ac relative=0x000000000000070c
Event: 447.579 Thread 0x0000020b62167980 Uncommon trap: reason=unstable_if action=reinterpret pc=0x0000020b0ff262ac method=java.util.concurrent.LinkedBlockingQueue.take()Ljava/lang/Object; @ 47 c2
Event: 447.579 Thread 0x0000020b62167980 DEOPT PACKING pc=0x0000020b0ff262ac sp=0x00000027361ff470
Event: 447.579 Thread 0x0000020b62167980 DEOPT UNPACKING pc=0x0000020b0f8146a2 sp=0x00000027361ff418 mode 2
Event: 447.579 Thread 0x0000020b61efca10 Uncommon trap: trap_request=0xffffff9d fr.pc=0x0000020b0ff2fb6c relative=0x00000000000024ac
Event: 447.580 Thread 0x0000020b61efca10 Uncommon trap: reason=unreached action=reinterpret pc=0x0000020b0ff2fb6c method=org.apache.coyote.http11.Http11Processor.service(Lorg/apache/tomcat/util/net/SocketWrapperBase;)Lorg/apache/tomcat/util/net/AbstractEndpoint$Handler$SocketState; @ 248 c2
Event: 447.580 Thread 0x0000020b61efca10 DEOPT PACKING pc=0x0000020b0ff2fb6c sp=0x0000002735bff130
Event: 447.580 Thread 0x0000020b61efbcf0 Uncommon trap: trap_request=0xffffff45 fr.pc=0x0000020b0ff262ac relative=0x000000000000070c
Event: 447.580 Thread 0x0000020b61efca10 DEOPT UNPACKING pc=0x0000020b0f8146a2 sp=0x0000002735bff0d0 mode 2
Event: 447.580 Thread 0x0000020b61efbcf0 Uncommon trap: reason=unstable_if action=reinterpret pc=0x0000020b0ff262ac method=java.util.concurrent.LinkedBlockingQueue.take()Ljava/lang/Object; @ 47 c2
Event: 447.580 Thread 0x0000020b61efbcf0 DEOPT PACKING pc=0x0000020b0ff262ac sp=0x0000002735dfef10
Event: 447.580 Thread 0x0000020b61efbcf0 DEOPT UNPACKING pc=0x0000020b0f8146a2 sp=0x0000002735dfeeb8 mode 2
Event: 447.580 Thread 0x0000020b61efa940 Uncommon trap: trap_request=0xffffff45 fr.pc=0x0000020b0ff262ac relative=0x000000000000070c
Event: 447.580 Thread 0x0000020b61efa940 Uncommon trap: reason=unstable_if action=reinterpret pc=0x0000020b0ff262ac method=java.util.concurrent.LinkedBlockingQueue.take()Ljava/lang/Object; @ 47 c2
Event: 447.580 Thread 0x0000020b61efa940 DEOPT PACKING pc=0x0000020b0ff262ac sp=0x0000002735afeee0
Event: 447.580 Thread 0x0000020b61efa940 DEOPT UNPACKING pc=0x0000020b0f8146a2 sp=0x0000002735afee88 mode 2

Classes loaded (20 events):
Event: 164.299 Loading class jdk/internal/loader/BootLoader$PackageHelper
Event: 164.300 Loading class jdk/internal/loader/BootLoader$PackageHelper done
Event: 164.313 Loading class java/util/stream/ReferencePipeline$4
Event: 164.314 Loading class java/util/stream/ReferencePipeline$4 done
Event: 164.314 Loading class java/util/function/IntBinaryOperator
Event: 164.314 Loading class java/util/function/IntBinaryOperator done
Event: 164.314 Loading class java/util/stream/ReduceOps$7
Event: 164.314 Loading class java/util/stream/ReduceOps$7 done
Event: 164.315 Loading class java/util/stream/ReduceOps$6ReducingSink
Event: 164.315 Loading class java/util/stream/ReduceOps$6ReducingSink done
Event: 164.315 Loading class java/util/stream/ReferencePipeline$4$1
Event: 164.315 Loading class java/util/stream/ReferencePipeline$4$1 done
Event: 164.326 Loading class java/lang/Throwable$WrappedPrintWriter
Event: 164.327 Loading class java/lang/Throwable$PrintStreamOrWriter
Event: 164.327 Loading class java/lang/Throwable$PrintStreamOrWriter done
Event: 164.327 Loading class java/lang/Throwable$WrappedPrintWriter done
Event: 217.846 Loading class java/io/PushbackInputStream
Event: 217.847 Loading class java/io/PushbackInputStream done
Event: 240.880 Loading class sun/util/locale/LocaleExtensions
Event: 240.881 Loading class sun/util/locale/LocaleExtensions done

Classes unloaded (9 events):
Event: 259.953 Thread 0x0000020b7f01b4a0 Unloading class 0x0000020b19b74c00 'java/lang/invoke/LambdaForm$MH+0x0000020b19b74c00'
Event: 259.954 Thread 0x0000020b7f01b4a0 Unloading class 0x0000020b19b74800 'java/lang/invoke/LambdaForm$MH+0x0000020b19b74800'
Event: 259.954 Thread 0x0000020b7f01b4a0 Unloading class 0x0000020b19b74400 'java/lang/invoke/LambdaForm$MH+0x0000020b19b74400'
Event: 259.954 Thread 0x0000020b7f01b4a0 Unloading class 0x0000020b19b58400 'java/lang/invoke/LambdaForm$DMH+0x0000020b19b58400'
Event: 259.954 Thread 0x0000020b7f01b4a0 Unloading class 0x0000020b19b2d400 'java/lang/invoke/LambdaForm$DMH+0x0000020b19b2d400'
Event: 259.954 Thread 0x0000020b7f01b4a0 Unloading class 0x0000020b19b2d000 'java/lang/invoke/LambdaForm$DMH+0x0000020b19b2d000'
Event: 259.954 Thread 0x0000020b7f01b4a0 Unloading class 0x0000020b19b2c400 'java/lang/invoke/LambdaForm$DMH+0x0000020b19b2c400'
Event: 259.954 Thread 0x0000020b7f01b4a0 Unloading class 0x0000020b19b2cc00 'java/lang/invoke/LambdaForm$DMH+0x0000020b19b2cc00'
Event: 259.954 Thread 0x0000020b7f01b4a0 Unloading class 0x0000020b19b2c800 'java/lang/invoke/LambdaForm$DMH+0x0000020b19b2c800'

Classes redefined (0 events):
No events

Internal exceptions (20 events):
Event: 127.030 Thread 0x0000020b61efafd0 Exception <a 'java/lang/NoSuchMethodError'{0x0000000090d6d3c0}: 'java.lang.Object java.lang.invoke.DirectMethodHandle$Holder.invokeInterface(java.lang.Object, java.lang.Object, java.lang.Object, java.lang.Object)'> (0x0000000090d6d3c0) 
thrown [s\open\src\hotspot\share\interpreter\linkResolver.cpp, line 774]
Event: 127.030 Thread 0x0000020b61efa940 Exception <a 'java/lang/NoSuchMethodError'{0x0000000090d77aa8}: 'java.lang.Object java.lang.invoke.DirectMethodHandle$Holder.invokeInterface(java.lang.Object, java.lang.Object, java.lang.Object, java.lang.Object)'> (0x0000000090d77aa8) 
thrown [s\open\src\hotspot\share\interpreter\linkResolver.cpp, line 774]
Event: 127.034 Thread 0x0000020b61efafd0 Exception <a 'java/lang/IncompatibleClassChangeError'{0x0000000090dab970}: Found class java.lang.Object, but interface was expected> (0x0000000090dab970) 
thrown [s\open\src\hotspot\share\interpreter\linkResolver.cpp, line 841]
Event: 127.034 Thread 0x0000020b61efa940 Exception <a 'java/lang/IncompatibleClassChangeError'{0x0000000090db5e28}: Found class java.lang.Object, but interface was expected> (0x0000000090db5e28) 
thrown [s\open\src\hotspot\share\interpreter\linkResolver.cpp, line 841]
Event: 127.103 Thread 0x0000020b61efd730 Exception <a 'java/lang/NoSuchMethodError'{0x0000000090b46020}: 'void java.lang.invoke.Invokers$Holder.invokeExact_MT(java.lang.Object, java.lang.Object, int, java.lang.Object)'> (0x0000000090b46020) 
thrown [s\open\src\hotspot\share\interpreter\linkResolver.cpp, line 774]
Event: 127.123 Thread 0x0000020b61efa940 Exception <a 'java/lang/IncompatibleClassChangeError'{0x0000000090be7160}: Found class java.lang.Object, but interface was expected> (0x0000000090be7160) 
thrown [s\open\src\hotspot\share\interpreter\linkResolver.cpp, line 841]
Event: 127.123 Thread 0x0000020b61efafd0 Exception <a 'java/lang/IncompatibleClassChangeError'{0x0000000090bbd310}: Found class java.lang.Object, but interface was expected> (0x0000000090bbd310) 
thrown [s\open\src\hotspot\share\interpreter\linkResolver.cpp, line 841]
Event: 127.205 Thread 0x0000020b61efb660 Exception <a 'java/lang/NoSuchMethodError'{0x0000000090803ec0}: 'long java.lang.invoke.Invokers$Holder.invokeExact_MT(java.lang.Object, java.lang.Object)'> (0x0000000090803ec0) 
thrown [s\open\src\hotspot\share\interpreter\linkResolver.cpp, line 774]
Event: 127.205 Thread 0x0000020b61efd730 Exception <a 'java/lang/NoSuchMethodError'{0x000000009080ed28}: 'long java.lang.invoke.Invokers$Holder.invokeExact_MT(java.lang.Object, java.lang.Object)'> (0x000000009080ed28) 
thrown [s\open\src\hotspot\share\interpreter\linkResolver.cpp, line 774]
Event: 127.205 Thread 0x0000020b621658b0 Exception <a 'java/lang/NoSuchMethodError'{0x000000009081b9a8}: 'long java.lang.invoke.Invokers$Holder.invokeExact_MT(java.lang.Object, java.lang.Object)'> (0x000000009081b9a8) 
thrown [s\open\src\hotspot\share\interpreter\linkResolver.cpp, line 774]
Event: 127.205 Thread 0x0000020b61efd0a0 Exception <a 'java/lang/NoSuchMethodError'{0x00000000909d0b00}: 'long java.lang.invoke.Invokers$Holder.invokeExact_MT(java.lang.Object, java.lang.Object)'> (0x00000000909d0b00) 
thrown [s\open\src\hotspot\share\interpreter\linkResolver.cpp, line 774]
Event: 161.633 Thread 0x0000020b61efafd0 Exception <a 'java/lang/NoSuchMethodError'{0x000000008fad9b70}: 'java.lang.Object java.lang.invoke.DirectMethodHandle$Holder.invokeInterface(java.lang.Object, java.lang.Object, java.lang.Object, java.lang.Object, java.lang.Object)'> (0x000000008fad9b70) 
thrown [s\open\src\hotspot\share\interpreter\linkResolver.cpp, line 774]
Event: 233.168 Thread 0x0000020b61efc380 Implicit null exception at 0x0000020b0fda1c0b to 0x0000020b0fda1f3c
Event: 238.169 Thread 0x0000020b621658b0 Implicit null exception at 0x0000020b100aff83 to 0x0000020b100b0448
Event: 251.387 Thread 0x0000020b61efa940 Implicit null exception at 0x0000020b101c014a to 0x0000020b101c62c0
Event: 272.079 Thread 0x0000020b61efca10 Implicit null exception at 0x0000020b10426fcc to 0x0000020b10427be8
Event: 272.080 Thread 0x0000020b61efca10 Implicit null exception at 0x0000020b10426fcc to 0x0000020b10427be8
Event: 272.097 Thread 0x0000020b61efc380 Implicit null exception at 0x0000020b10426fcc to 0x0000020b10427be8
Event: 272.098 Thread 0x0000020b61efc380 Implicit null exception at 0x0000020b10426fcc to 0x0000020b10427be8
Event: 403.264 Thread 0x0000020b61efc380 Implicit null exception at 0x0000020b0ff89fab to 0x0000020b0ff89fc5

ZGC Phase Switch (0 events):
No events

VM Operations (20 events):
Event: 485.518 Executing VM operation: G1PauseRemark
Event: 485.521 Executing VM operation: G1PauseRemark done
Event: 485.535 Executing VM operation: G1PauseCleanup
Event: 485.536 Executing VM operation: G1PauseCleanup done
Event: 486.928 Executing VM operation: G1CollectForAllocation (G1 Evacuation Pause)
Event: 486.930 Executing VM operation: G1CollectForAllocation (G1 Evacuation Pause) done
Event: 488.396 Executing VM operation: G1CollectForAllocation (G1 Evacuation Pause)
Event: 488.398 Executing VM operation: G1CollectForAllocation (G1 Evacuation Pause) done
Event: 488.442 Executing VM operation: G1PauseRemark
Event: 488.445 Executing VM operation: G1PauseRemark done
Event: 488.459 Executing VM operation: G1PauseCleanup
Event: 488.459 Executing VM operation: G1PauseCleanup done
Event: 489.951 Executing VM operation: G1CollectForAllocation (G1 Evacuation Pause)
Event: 489.953 Executing VM operation: G1CollectForAllocation (G1 Evacuation Pause) done
Event: 491.463 Executing VM operation: G1CollectForAllocation (G1 Evacuation Pause)
Event: 491.466 Executing VM operation: G1CollectForAllocation (G1 Evacuation Pause) done
Event: 491.513 Executing VM operation: G1PauseRemark
Event: 491.516 Executing VM operation: G1PauseRemark done
Event: 491.531 Executing VM operation: G1PauseCleanup
Event: 491.531 Executing VM operation: G1PauseCleanup done

Memory protections (0 events):
No events

Nmethod flushes (20 events):
Event: 476.531 Thread 0x0000020b7f01b4a0 flushing  nmethod 0x0000020b098ff110
Event: 476.531 Thread 0x0000020b7f01b4a0 flushing  nmethod 0x0000020b0992f010
Event: 476.531 Thread 0x0000020b7f01b4a0 flushing  nmethod 0x0000020b0992f310
Event: 476.531 Thread 0x0000020b7f01b4a0 flushing  nmethod 0x0000020b09930b10
Event: 476.531 Thread 0x0000020b7f01b4a0 flushing  nmethod 0x0000020b09930f90
Event: 479.427 Thread 0x0000020b7f01b4a0 flushing  nmethod 0x0000020b098a4b90
Event: 479.427 Thread 0x0000020b7f01b4a0 flushing  nmethod 0x0000020b098a5110
Event: 479.428 Thread 0x0000020b7f01b4a0 flushing  nmethod 0x0000020b098afb10
Event: 479.428 Thread 0x0000020b7f01b4a0 flushing  nmethod 0x0000020b08511390
Event: 479.428 Thread 0x0000020b7f01b4a0 flushing  nmethod 0x0000020b096ea710
Event: 482.613 Thread 0x0000020b7f01b4a0 flushing  nmethod 0x0000020b08376b90
Event: 482.613 Thread 0x0000020b7f01b4a0 flushing  nmethod 0x0000020b08db1110
Event: 482.613 Thread 0x0000020b7f01b4a0 flushing  nmethod 0x0000020b0994ab90
Event: 482.613 Thread 0x0000020b7f01b4a0 flushing  nmethod 0x0000020b0994b110
Event: 482.613 Thread 0x0000020b7f01b4a0 flushing  nmethod 0x0000020b09806e10
Event: 482.613 Thread 0x0000020b7f01b4a0 flushing  nmethod 0x0000020b0987c010
Event: 485.520 Thread 0x0000020b7f01b4a0 flushing  nmethod 0x0000020b087cb310
Event: 485.520 Thread 0x0000020b7f01b4a0 flushing  nmethod 0x0000020b08b9f790
Event: 485.520 Thread 0x0000020b7f01b4a0 flushing  nmethod 0x0000020b098a1f10
Event: 485.520 Thread 0x0000020b7f01b4a0 flushing  nmethod 0x0000020b09194c90

Events (20 events):
Event: 446.113 Thread 0x0000020b17491c80 Thread exited: 0x0000020b17491c80
Event: 446.113 Thread 0x0000020b17492a20 Thread exited: 0x0000020b17492a20
Event: 455.746 Thread 0x0000020b7f074180 Thread added: 0x0000020b17492a20
Event: 455.754 Thread 0x0000020b7f074180 Thread added: 0x0000020b174937c0
Event: 457.582 Thread 0x0000020b17492a20 Thread exited: 0x0000020b17492a20
Event: 457.582 Thread 0x0000020b174937c0 Thread exited: 0x0000020b174937c0
Event: 458.197 Thread 0x0000020b7f074180 Thread added: 0x0000020b17492a20
Event: 459.051 Thread 0x0000020b17492a20 Thread exited: 0x0000020b17492a20
Event: 459.904 Thread 0x0000020b7f0536c0 Thread added: 0x0000020b174937c0
Event: 459.905 Thread 0x0000020b7f0536c0 Thread added: 0x0000020b17492a20
Event: 460.457 Thread 0x0000020b17492a20 Thread exited: 0x0000020b17492a20
Event: 462.647 Thread 0x0000020b174937c0 Thread exited: 0x0000020b174937c0
Event: 462.752 Thread 0x0000020b7f0536c0 Thread added: 0x0000020b17494560
Event: 464.006 Thread 0x0000020b17494560 Thread exited: 0x0000020b17494560
Event: 469.798 Thread 0x0000020b7f0536c0 Thread added: 0x0000020b174937c0
Event: 469.798 Thread 0x0000020b7f0536c0 Thread added: 0x0000020b17491c80
Event: 469.959 Thread 0x0000020b17491c80 Thread exited: 0x0000020b17491c80
Event: 469.960 Thread 0x0000020b174937c0 Thread added: 0x0000020b17494560
Event: 473.266 Thread 0x0000020b17494560 Thread exited: 0x0000020b17494560
Event: 473.266 Thread 0x0000020b174937c0 Thread exited: 0x0000020b174937c0


Dynamic libraries:
0x00007ff741380000 - 0x00007ff741390000 	C:\Program Files\Java\jdk-22\bin\java.exe
0x00007ffe62870000 - 0x00007ffe62a87000 	C:\WINDOWS\SYSTEM32\ntdll.dll
0x00007ffe616a0000 - 0x00007ffe61764000 	C:\WINDOWS\System32\KERNEL32.DLL
0x00007ffe601e0000 - 0x00007ffe60597000 	C:\WINDOWS\System32\KERNELBASE.dll
0x00007ffe5fec0000 - 0x00007ffe5ffd1000 	C:\WINDOWS\System32\ucrtbase.dll
0x00007ffe34a10000 - 0x00007ffe34a27000 	C:\Program Files\Java\jdk-22\bin\jli.dll
0x00007ffe2bc40000 - 0x00007ffe2bc5b000 	C:\Program Files\Java\jdk-22\bin\VCRUNTIME140.dll
0x00007ffe61bd0000 - 0x00007ffe61d7f000 	C:\WINDOWS\System32\USER32.dll
0x00007ffe4d650000 - 0x00007ffe4d8e3000 	C:\WINDOWS\WinSxS\amd64_microsoft.windows.common-controls_6595b64144ccf1df_6.0.22621.3672_none_2713b9d173822955\COMCTL32.dll
0x00007ffe5fc00000 - 0x00007ffe5fc26000 	C:\WINDOWS\System32\win32u.dll
0x00007ffe60be0000 - 0x00007ffe60c09000 	C:\WINDOWS\System32\GDI32.dll
0x00007ffe61b20000 - 0x00007ffe61bc7000 	C:\WINDOWS\System32\msvcrt.dll
0x00007ffe5fda0000 - 0x00007ffe5feb8000 	C:\WINDOWS\System32\gdi32full.dll
0x00007ffe60140000 - 0x00007ffe601da000 	C:\WINDOWS\System32\msvcp_win.dll
0x00007ffe626d0000 - 0x00007ffe62701000 	C:\WINDOWS\System32\IMM32.DLL
0x00007ffe396a0000 - 0x00007ffe396ac000 	C:\Program Files\Java\jdk-22\bin\vcruntime140_1.dll
0x00007ffe15570000 - 0x00007ffe155fe000 	C:\Program Files\Java\jdk-22\bin\msvcp140.dll
0x00007ffe14820000 - 0x00007ffe15569000 	C:\Program Files\Java\jdk-22\bin\server\jvm.dll
0x00007ffe62710000 - 0x00007ffe627c2000 	C:\WINDOWS\System32\ADVAPI32.dll
0x00007ffe62620000 - 0x00007ffe626c8000 	C:\WINDOWS\System32\sechost.dll
0x00007ffe5ffe0000 - 0x00007ffe60008000 	C:\WINDOWS\System32\bcrypt.dll
0x00007ffe609a0000 - 0x00007ffe60ab4000 	C:\WINDOWS\System32\RPCRT4.dll
0x00007ffe61940000 - 0x00007ffe619b1000 	C:\WINDOWS\System32\WS2_32.dll
0x00007ffe5fa50000 - 0x00007ffe5fa9d000 	C:\WINDOWS\SYSTEM32\POWRPROF.dll
0x00007ffe5b190000 - 0x00007ffe5b19a000 	C:\WINDOWS\SYSTEM32\VERSION.dll
0x00007ffe5b8c0000 - 0x00007ffe5b8f4000 	C:\WINDOWS\SYSTEM32\WINMM.dll
0x00007ffe5fa30000 - 0x00007ffe5fa43000 	C:\WINDOWS\SYSTEM32\UMPDC.dll
0x00007ffe5ebd0000 - 0x00007ffe5ebe8000 	C:\WINDOWS\SYSTEM32\kernel.appcore.dll
0x00007ffe38d90000 - 0x00007ffe38d9a000 	C:\Program Files\Java\jdk-22\bin\jimage.dll
0x00007ffe5d5f0000 - 0x00007ffe5d822000 	C:\WINDOWS\SYSTEM32\DBGHELP.DLL
0x00007ffe62290000 - 0x00007ffe6261e000 	C:\WINDOWS\System32\combase.dll
0x00007ffe60c80000 - 0x00007ffe60d57000 	C:\WINDOWS\System32\OLEAUT32.dll
0x00007ffe48c80000 - 0x00007ffe48cb2000 	C:\WINDOWS\SYSTEM32\dbgcore.DLL
0x00007ffe5fb80000 - 0x00007ffe5fbfb000 	C:\WINDOWS\System32\bcryptPrimitives.dll
0x00007ffe34610000 - 0x00007ffe3461f000 	C:\Program Files\Java\jdk-22\bin\instrument.dll
0x00007ffe17b30000 - 0x00007ffe17b4e000 	C:\Program Files\Java\jdk-22\bin\java.dll
0x00007ffe60e30000 - 0x00007ffe61699000 	C:\WINDOWS\System32\SHELL32.dll
0x00007ffe61790000 - 0x00007ffe61935000 	C:\WINDOWS\System32\ole32.dll
0x00007ffe5daf0000 - 0x00007ffe5e3ef000 	C:\WINDOWS\SYSTEM32\windows.storage.dll
0x00007ffe5d9b0000 - 0x00007ffe5daef000 	C:\WINDOWS\SYSTEM32\wintypes.dll
0x00007ffe60ae0000 - 0x00007ffe60bd9000 	C:\WINDOWS\System32\SHCORE.dll
0x00007ffe60c10000 - 0x00007ffe60c6e000 	C:\WINDOWS\System32\shlwapi.dll
0x00007ffe5fab0000 - 0x00007ffe5fad7000 	C:\WINDOWS\SYSTEM32\profapi.dll
0x00007ffe14740000 - 0x00007ffe14817000 	C:\Program Files\Java\jdk-22\bin\jsvml.dll
0x00007ffe16d70000 - 0x00007ffe16d87000 	C:\Program Files\Java\jdk-22\bin\zip.dll
0x00007ffe37e10000 - 0x00007ffe37e20000 	C:\Program Files\Java\jdk-22\bin\net.dll
0x00007ffe5f040000 - 0x00007ffe5f0a9000 	C:\WINDOWS\system32\mswsock.dll
0x00007ffe17b10000 - 0x00007ffe17b26000 	C:\Program Files\Java\jdk-22\bin\nio.dll
0x00007ffe33b60000 - 0x00007ffe33b7a000 	D:\java\IntelliJ IDEA Community Edition 2022.3\bin\breakgen64.dll
0x00007ffe37bb0000 - 0x00007ffe37bb9000 	C:\Program Files\Java\jdk-22\bin\extnet.dll
0x00007ffe32b30000 - 0x00007ffe32b3a000 	C:\Program Files\Java\jdk-22\bin\management.dll
0x00007ffe32b20000 - 0x00007ffe32b2b000 	C:\Program Files\Java\jdk-22\bin\management_ext.dll
0x00007ffe60c70000 - 0x00007ffe60c78000 	C:\WINDOWS\System32\PSAPI.DLL
0x00007ffe32af0000 - 0x00007ffe32afb000 	C:\Program Files\Java\jdk-22\bin\le.dll
0x00007ffe32800000 - 0x00007ffe3280e000 	C:\Program Files\Java\jdk-22\bin\sunmscapi.dll
0x00007ffe5fc30000 - 0x00007ffe5fd96000 	C:\WINDOWS\System32\CRYPT32.dll
0x00007ffe5f430000 - 0x00007ffe5f45d000 	C:\WINDOWS\SYSTEM32\ncrypt.dll
0x00007ffe5f3f0000 - 0x00007ffe5f427000 	C:\WINDOWS\SYSTEM32\NTASN1.dll
0x00007ffe5f290000 - 0x00007ffe5f2ab000 	C:\WINDOWS\SYSTEM32\CRYPTSP.dll
0x00007ffe5eb30000 - 0x00007ffe5eb65000 	C:\WINDOWS\system32\rsaenh.dll
0x00007ffe5f130000 - 0x00007ffe5f158000 	C:\WINDOWS\SYSTEM32\USERENV.dll
0x00007ffe5f2b0000 - 0x00007ffe5f2bc000 	C:\WINDOWS\SYSTEM32\CRYPTBASE.dll
0x00007ffe5e650000 - 0x00007ffe5e67d000 	C:\WINDOWS\SYSTEM32\IPHLPAPI.DLL
0x00007ffe60d60000 - 0x00007ffe60d69000 	C:\WINDOWS\System32\NSI.dll
0x00007ffe33570000 - 0x00007ffe33580000 	C:\Program Files\Java\jdk-22\bin\verify.dll
0x00007ffe5e6c0000 - 0x00007ffe5e7c2000 	C:\WINDOWS\SYSTEM32\DNSAPI.dll
0x00007ffe589c0000 - 0x00007ffe589ca000 	C:\Windows\System32\rasadhlp.dll
0x00007ffe5b020000 - 0x00007ffe5b0a3000 	C:\WINDOWS\System32\fwpuclnt.dll
0x00007ffe5c2d0000 - 0x00007ffe5c2d8000 	C:\WINDOWS\system32\wshunix.dll

dbghelp: loaded successfully - version: 4.0.5 - missing functions: none
symbol engine: initialized successfully - sym options: 0x614 - pdb path: .;C:\Program Files\Java\jdk-22\bin;C:\WINDOWS\SYSTEM32;C:\WINDOWS\WinSxS\amd64_microsoft.windows.common-controls_6595b64144ccf1df_6.0.22621.3672_none_2713b9d173822955;C:\Program Files\Java\jdk-22\bin\server;D:\java\IntelliJ IDEA Community Edition 2022.3\bin

VM Arguments:
jvm_args: -javaagent:D:\java\IntelliJ IDEA Community Edition 2022.3\lib\idea_rt.jar=49751:D:\java\IntelliJ IDEA Community Edition 2022.3\bin -Dfile.encoding=UTF-8 -Dsun.stdout.encoding=UTF-8 -Dsun.stderr.encoding=UTF-8 
java_command: com.kiet.ECommerceApplication
java_class_path (initial): D:\New folder\e-commerce-test\e-commerce\target\classes;C:\Users\DUONG TUAN KIET\.m2\repository\org\springframework\boot\spring-boot-starter-data-jpa\3.3.3\spring-boot-starter-data-jpa-3.3.3.jar;C:\Users\DUONG TUAN KIET\.m2\repository\org\springframework\boot\spring-boot-starter-aop\3.3.3\spring-boot-starter-aop-3.3.3.jar;C:\Users\DUONG TUAN KIET\.m2\repository\org\aspectj\aspectjweaver\1.9.22.1\aspectjweaver-1.9.22.1.jar;C:\Users\DUONG TUAN KIET\.m2\repository\org\springframework\boot\spring-boot-starter-jdbc\3.3.3\spring-boot-starter-jdbc-3.3.3.jar;C:\Users\DUONG TUAN KIET\.m2\repository\com\zaxxer\HikariCP\5.1.0\HikariCP-5.1.0.jar;C:\Users\DUONG TUAN KIET\.m2\repository\org\springframework\spring-jdbc\6.1.12\spring-jdbc-6.1.12.jar;C:\Users\DUONG TUAN KIET\.m2\repository\org\hibernate\orm\hibernate-core\6.5.2.Final\hibernate-core-6.5.2.Final.jar;C:\Users\DUONG TUAN KIET\.m2\repository\jakarta\persistence\jakarta.persistence-api\3.1.0\jakarta.persistence-api-3.1.0.jar;C:\Users\DUONG TUAN KIET\.m2\repository\jakarta\transaction\jakarta.transaction-api\2.0.1\jakarta.transaction-api-2.0.1.jar;C:\Users\DUONG TUAN KIET\.m2\repository\org\jboss\logging\jboss-logging\3.5.3.Final\jboss-logging-3.5.3.Final.jar;C:\Users\DUONG TUAN KIET\.m2\repository\org\hibernate\common\hibernate-commons-annotations\6.0.6.Final\hibernate-commons-annotations-6.0.6.Final.jar;C:\Users\DUONG TUAN KIET\.m2\repository\io\smallrye\jandex\3.1.2\jandex-3.1.2.jar;C:\Users\DUONG TUAN KIET\.m2\repository\com\fasterxml\classmate\1.7.0\classmate-1.7.0.jar;C:\Users\DUONG TUAN KIET\.m2\repository\net\bytebuddy\byte-buddy\1.14.19\byte-buddy-1.14.19.jar;C:\Users\DUONG TUAN KIET\.m2\repository\org\glassfish\jaxb\jaxb-runtime\4.0.5\jaxb-runtime-4.0.5.jar;C:\Users\DUONG TUAN KIET\.m2\repository\org\glassfish\jaxb\jaxb-core\4.0.5\jaxb-core-4.0.5.jar;C:\Users\DUONG TUAN KIET\.m2\repository\org\eclipse\angus\angus-activation\2.0.2\angus-activation-2.0.2.jar;C:\Users\DUONG TUAN KIET\.m2\repository\org\glassfish\jaxb\txw2\4.0.5\txw2-4.0.5.jar;C:\Users\DUONG TUAN KIET\.m2\repository\com\sun\istack\istack-commons-runtime\4.1.2\istack-commons-runtime-4.1.2.jar;C:\Users\DUONG TUAN KIET\.m2\repository\jakarta\inject\jakarta.inject-api\2.0.1\jakarta.inject-api-2.0.1.jar;C:\Users\DUONG TUAN KIET\.m2\repository\org\antlr\antlr4-runtime\4.13.0\antlr4-runtime-4.13.0.jar;C:\Users\DUONG TUAN KIET\.m2\repository\org\springframework\data\spring-data-jpa\3.3.3\spring-data-jpa-3.3.3.jar;C:\Users\DUONG TUAN KIET\.m2\repository\org\springframework\data\spring-data-commons\3.3.3\spring-data-commons-3.3.3.jar;C:\Users\DUONG TUAN KIET\.m2\repository\org\springframework\spring-orm\6.1.12\spring-orm-6.1.12.jar;C:\Users\DUONG TUAN KIET\.m2\repository\org\springframework\spring-context\6.1.12\spring-context-6.1.12.jar;C:\Users\DUONG TUAN KIET\.m2\repository\org\springframework\spring-tx\6.1.12\spring-tx-6.1.12.jar;C:\Users\DUONG TUAN KIET\.m2\repository\org\springframework\spring-beans\6.1.12\spring-beans-6.1.12.jar;C:\Users\DUONG TUAN KIET\.m2\repository\jakarta\annotation\jakarta.annotation-api\2.1.1\jakarta.annotation-api-2.1.1.jar;C:\Users\DUONG TUAN KIET\.m2\repository\org\slf4j\slf4j-api\2.0.16\slf4j-api-2.0.16.jar;C:\Users\DUONG TUAN KIET\.m2\repository\org\springframework\spring-aspects\6.1.12\spring-aspects-6.1.12.jar;C:\Users\DUONG TUAN KIET\.m2\repository\org\springframework\boot\spring-boot-starter-security\3.3.3\spring-boot-starter-security-3.3.3.jar;C:\Users\DUONG TUAN KIET\.m2\repository\org\springframework\boot\spring-boot-starter\3.3.3\spring-boot-starter-3.3.3.jar;C:\Users\DUONG TUAN KIET\.m2\repository\org\springframework\boot\spring-boot-starter-logging\3.3.3\spring-boot-starter-logging-3.3.3.jar;C:\Users\DUONG TUAN KIET\.m2\repository\ch\qos\logback\logback-classic\1.5.7\logback-classic-1.5.7.jar;C:\Users\DUONG TUAN KIET\.m2\repository\ch\qos\logback\logback-core\1.5.7\logback-core-1.5.7.jar;C:\Users\DUONG TUAN KIET\.m2\repository\org\apache\logging\log4j\log4j-to-slf4j\2.23.1\log4j-to-slf4j-2.23.1.jar;C:\Users\DUONG TUAN KIET\.m2\repository\org\apache\logging\log4j\log4j-api\2.23.1\log4j-api-2.23.1.jar;C:\Users\DUONG TUAN KIET\.m2\repository\org\slf4j\jul-to-slf4j\2.0.16\jul-to-slf4j-2.0.16.jar;C:\Users\DUONG TUAN KIET\.m2\repository\org\yaml\snakeyaml\2.2\snakeyaml-2.2.jar;C:\Users\DUONG TUAN KIET\.m2\repository\org\springframework\spring-aop\6.1.12\spring-aop-6.1.12.jar;C:\Users\DUONG TUAN KIET\.m2\repository\org\springframework\security\spring-security-config\6.3.3\spring-security-config-6.3.3.jar;C:\Users\DUONG TUAN KIET\.m2\repository\org\springframework\security\spring-security-web\6.3.3\spring-security-web-6.3.3.jar;C:\Users\DUONG TUAN KIET\.m2\repository\org\springframework\spring-expression\6.1.12\spring-expression-6.1.12.jar;C:\Users\DUONG TUAN KIET\.m2\repository\org\springframework\boot\spring-boot-starter-web\3.3.3\spring-boot-starter-web-3.3.3.jar;C:\Users\DUONG TUAN KIET\.m2\repository\org\springframework\boot\spring-boot-starter-json\3.3.3\spring-boot-starter-json-3.3.3.jar;C:\Users\DUONG TUAN KIET\.m2\repository\com\fasterxml\jackson\datatype\jackson-datatype-jdk8\2.17.2\jackson-datatype-jdk8-2.17.2.jar;C:\Users\DUONG TUAN KIET\.m2\repository\com\fasterxml\jackson\datatype\jackson-datatype-jsr310\2.17.2\jackson-datatype-jsr310-2.17.2.jar;C:\Users\DUONG TUAN KIET\.m2\repository\com\fasterxml\jackson\module\jackson-module-parameter-names\2.17.2\jackson-module-parameter-names-2.17.2.jar;C:\Users\DUONG TUAN KIET\.m2\repository\org\springframework\boot\spring-boot-starter-tomcat\3.3.3\spring-boot-starter-tomcat-3.3.3.jar;C:\Users\DUONG TUAN KIET\.m2\repository\org\apache\tomcat\embed\tomcat-embed-core\10.1.28\tomcat-embed-core-10.1.28.jar;C:\Users\DUONG TUAN KIET\.m2\repository\org\apache\tomcat\embed\tomcat-embed-el\10.1.28\tomcat-embed-el-10.1.28.jar;C:\Users\DUONG TUAN KIET\.m2\repository\org\apache\tomcat\embed\tomcat-embed-websocket\10.1.28\tomcat-embed-websocket-10.1.28.jar;C:\Users\DUONG TUAN KIET\.m2\repository\org\springframework\spring-web\6.1.12\spring-web-6.1.12.jar;C:\Users\DUONG TUAN KIET\.m2\repository\io\micrometer\micrometer-observation\1.13.3\micrometer-observation-1.13.3.jar;C:\Users\DUONG TUAN KIET\.m2\repository\io\micrometer\micrometer-commons\1.13.3\micrometer-commons-1.13.3.jar;C:\Users\DUONG TUAN KIET\.m2\repository\org\springframework\spring-webmvc\6.1.12\spring-webmvc-6.1.12.jar;C:\Users\DUONG TUAN KIET\.m2\repository\org\springframework\boot\spring-boot-devtools\3.3.3\spring-boot-devtools-3.3.3.jar;C:\Users\DUONG TUAN KIET\.m2\repository\org\springframework\boot\spring-boot\3.3.3\spring-boot-3.3.3.jar;C:\Users\DUONG TUAN KIET\.m2\repository\org\springframework\boot\spring-boot-autoconfigure\3.3.3\spring-boot-autoconfigure-3.3.3.jar;C:\Users\DUONG TUAN KIET\.m2\repository\com\mysql\mysql-connector-j\8.3.0\mysql-connector-j-8.3.0.jar;C:\Users\DUONG TUAN KIET\.m2\repository\org\projectlombok\lombok\1.18.34\lombok-1.18.34.jar;C:\Users\DUONG TUAN KIET\.m2\repository\jakarta\xml\bind\jakarta.xml.bind-api\4.0.2\jakarta.xml.bind-api-4.0.2.jar;C:\Users\DUONG TUAN KIET\.m2\repository\jakarta\activation\jakarta.activation-api\2.1.3\jakarta.activation-api-2.1.3.jar;C:\Users\DUONG TUAN KIET\.m2\repository\org\springframework\spring-core\6.1.12\spring-core-6.1.12.jar;C:\Users\DUONG TUAN KIET\.m2\repository\org\springframework\spring-jcl\6.1.12\spring-jcl-6.1.12.jar;C:\Users\DUONG TUAN KIET\.m2\repository\org\springframework\security\spring-security-core\6.3.3\spring-security-core-6.3.3.jar;C:\Users\DUONG TUAN KIET\.m2\repository\org\springframework\security\spring-security-crypto\6.3.3\spring-security-crypto-6.3.3.jar;C:\Users\DUONG TUAN KIET\.m2\repository\io\jsonwebtoken\jjwt-api\0.11.5\jjwt-api-0.11.5.jar;C:\Users\DUONG TUAN KIET\.m2\repository\io\jsonwebtoken\jjwt-impl\0.11.5\jjwt-impl-0.11.5.jar;C:\Users\DUONG TUAN KIET\.m2\repository\io\jsonwebtoken\jjwt-jackson\0.11.5\jjwt-jackson-0.11.5.jar;C:\Users\DUONG TUAN KIET\.m2\repository\com\fasterxml\jackson\core\jackson-databind\2.17.2\jackson-databind-2.17.2.jar;C:\Users\DUONG TUAN KIET\.m2\repository\com\fasterxml\jackson\core\jackson-annotations\2.17.2\jackson-annotations-2.17.2.jar;C:\Users\DUONG TUAN KIET\.m2\repository\com\fasterxml\jackson\core\jackson-core\2.17.2\jackson-core-2.17.2.jar;C:\Users\DUONG TUAN KIET\.m2\repository\com\stripe\stripe-java\20.62.0\stripe-java-20.62.0.jar;C:\Users\DUONG TUAN KIET\.m2\repository\com\google\code\gson\gson\2.10.1\gson-2.10.1.jar
Launcher Type: SUN_STANDARD

[Global flags]
     intx CICompilerCount                          = 4                                         {product} {ergonomic}
     uint ConcGCThreads                            = 3                                         {product} {ergonomic}
     uint G1ConcRefinementThreads                  = 10                                        {product} {ergonomic}
   size_t G1HeapRegionSize                         = 1048576                                   {product} {ergonomic}
   size_t InitialHeapSize                          = 123731968                                 {product} {ergonomic}
   size_t MarkStackSize                            = 4194304                                   {product} {ergonomic}
   size_t MaxHeapSize                              = 1971322880                                {product} {ergonomic}
   size_t MaxNewSize                               = 1182793728                                {product} {ergonomic}
   size_t MinHeapDeltaBytes                        = 1048576                                   {product} {ergonomic}
   size_t MinHeapSize                              = 8388608                                   {product} {ergonomic}
    uintx NonNMethodCodeHeapSize                   = 5839372                                {pd product} {ergonomic}
    uintx NonProfiledCodeHeapSize                  = 122909434                              {pd product} {ergonomic}
    uintx ProfiledCodeHeapSize                     = 122909434                              {pd product} {ergonomic}
    uintx ReservedCodeCacheSize                    = 251658240                              {pd product} {ergonomic}
     bool SegmentedCodeCache                       = true                                      {product} {ergonomic}
   size_t SoftMaxHeapSize                          = 1971322880                             {manageable} {ergonomic}
     bool UseCompressedOops                        = true                           {product lp64_product} {ergonomic}
     bool UseG1GC                                  = true                                      {product} {ergonomic}
     bool UseLargePagesIndividualAllocation        = false                                  {pd product} {ergonomic}

Logging:
Log output configuration:
 #0: stdout all=warning uptime,level,tags foldmultilines=false
 #1: stderr all=off uptime,level,tags foldmultilines=false

Environment Variables:
PATH=C:\Program Files\Common Files\Oracle\Java\javapath;C:\Program Files (x86)\VMware\VMware Workstation\bin\;C:\Windows\system32;C:\Windows;C:\Windows\System32\Wbem;C:\Windows\System32\WindowsPowerShell\v1.0\;C:\Windows\System32\OpenSSH\;C:\Program Files\NVIDIA Corporation\NVIDIA NvDLISR;C:\WINDOWS\system32;C:\WINDOWS;C:\WINDOWS\System32\Wbem;C:\WINDOWS\System32\WindowsPowerShell\v1.0\;C:\WINDOWS\System32\OpenSSH\;C:\Users\DUONG TUAN KIET\Documents\Virtual Machines\CentOS 7\Private Shell;C:\ProgramData\chocolatey\bin;C:\Program Files (x86)\Microsoft SQL Server\160\Tools\Binn\;C:\Program Files\Microsoft SQL Server\160\Tools\Binn\;C:\Program Files\Microsoft SQL Server\Client SDK\ODBC\170\Tools\Binn\;C:\Program Files\Microsoft SQL Server\160\DTS\Binn\;C:\Program Files (x86)\Microsoft SQL Server\150\Tools\Binn\;C:\Program Files\Microsoft SQL Server\150\Tools\Binn\;C:\Program Files\Microsoft SQL Server\150\DTS\Binn\;C:\msys64\ucrt64\bin;C:\Program Files\Java\jdk-22\bin;C:\Program Files\Docker\Docker\resources\bin;D:\DownLoad\apache-maven-3.9.9-bin\apache-maven-3.9.9\bin;C:\Program Files\MySQL\MySQL Server 8.0\bin;D:\Git\Git\cmd;C:\Program Files\nodejs\;C:\Program Files\dotnet\;C:\Users\DUONG TUAN KIET\AppData\Local\Programs\Python\Python312\Scripts\;C:\Users\DUONG TUAN KIET\AppData\Local\Programs\Python\Python312\;C:\Users\DUONG TUAN KIET\AppData\Local\Microsoft\WindowsApps;D:\java\IntelliJ IDEA Community Edition 2022.3\bin;;C:\Users\DUONG TUAN KIET\AppData\Local\Programs\Microsoft VS Code\bin;C:\Users\DUONG TUAN KIET\.dotnet\tools;D:\DownLoad\apache-maven-3.9.9-bin\apache-maven-3.9.9\bin;C:\Users\DUONG TUAN KIET\AppData\Roaming\npm
USERNAME=DUONG TUAN KIET
OS=Windows_NT
PROCESSOR_IDENTIFIER=AMD64 Family 23 Model 104 Stepping 1, AuthenticAMD
TMP=C:\Users\DUONGT~1\AppData\Local\Temp
TEMP=C:\Users\DUONGT~1\AppData\Local\Temp




Periodic native trim disabled

---------------  S Y S T E M  ---------------

OS:
 Windows 11 , 64 bit Build 22621 (10.0.22621.3958)
OS uptime: 0 days 0:11 hours

CPU: total 12 (initial active 12) (12 cores per cpu, 2 threads per core) family 23 model 104 stepping 1 microcode 0x0, cx8, cmov, fxsr, ht, mmx, 3dnowpref, sse, sse2, sse3, ssse3, sse4a, sse4.1, sse4.2, popcnt, lzcnt, tsc, tscinvbit, avx, avx2, aes, clmul, bmi1, bmi2, adx, sha, fma, vzeroupper, clflush, clflushopt, rdtscp, rdpid, f16c
Processor Information for processor 0
  Max Mhz: 2100, Current Mhz: 1893, Mhz Limit: 2100
Processor Information for processor 1
  Max Mhz: 2100, Current Mhz: 1893, Mhz Limit: 2100
Processor Information for processor 2
  Max Mhz: 2100, Current Mhz: 1813, Mhz Limit: 2100
Processor Information for processor 3
  Max Mhz: 2100, Current Mhz: 1893, Mhz Limit: 2100
Processor Information for processor 4
  Max Mhz: 2100, Current Mhz: 1893, Mhz Limit: 2100
Processor Information for processor 5
  Max Mhz: 2100, Current Mhz: 1893, Mhz Limit: 2100
Processor Information for processor 6
  Max Mhz: 2100, Current Mhz: 1893, Mhz Limit: 2100
Processor Information for processor 7
  Max Mhz: 2100, Current Mhz: 1893, Mhz Limit: 2100
Processor Information for processor 8
  Max Mhz: 2100, Current Mhz: 1893, Mhz Limit: 2100
Processor Information for processor 9
  Max Mhz: 2100, Current Mhz: 1893, Mhz Limit: 2100
Processor Information for processor 10
  Max Mhz: 2100, Current Mhz: 1893, Mhz Limit: 2100
Processor Information for processor 11
  Max Mhz: 2100, Current Mhz: 1893, Mhz Limit: 2100

Memory: 4k page, system-wide physical 7514M (781M free)
TotalPageFile size 22781M (AvailPageFile size 3M)
current process WorkingSet (physical memory assigned to process): 361M, peak: 379M
current process commit charge ("private bytes"): 421M, peak: 442M

vm_info: Java HotSpot(TM) 64-Bit Server VM (22.0.2+9-70) for windows-amd64 JRE (22.0.2+9-70), built on 2024-06-04T16:52:23Z by "mach5one" with MS VC++ 17.6 (VS2022)

END.
