#
# There is insufficient memory for the Java Runtime Environment to continue.
# Native memory allocation (malloc) failed to allocate 1540816 bytes. Error detail: Chunk::new
# Possible reasons:
#   The system is out of physical RAM or swap space
#   This process is running with CompressedOops enabled, and the Java Heap may be blocking the growth of the native heap
# Possible solutions:
#   Reduce memory load on the system
#   Increase physical memory or swap space
#   Check if swap backing store is full
#   Decrease Java heap size (-Xmx/-Xms)
#   Decrease number of Java threads
#   Decrease Java thread stack sizes (-Xss)
#   Set larger code cache with -XX:ReservedCodeCacheSize=
#   JVM is running with Unscaled Compressed Oops mode in which the Java heap is
#     placed in the first 4GB address space. The Java Heap base address is the
#     maximum limit for the native heap growth. Please use -XX:HeapBaseMinAddress
#     to set the Java Heap base and to place the Java Heap above 4GB virtual address.
# This output file may be truncated or incomplete.
#
#  Out of Memory Error (arena.cpp:150), pid=8612, tid=21428
#
# JRE version: Java(TM) SE Runtime Environment (22.0.2+9) (build 22.0.2+9-70)
# Java VM: Java HotSpot(TM) 64-Bit Server VM (22.0.2+9-70, mixed mode, sharing, tiered, compressed oops, compressed class ptrs, g1 gc, windows-amd64)
# No core dump will be written. Minidumps are not enabled by default on client versions of Windows
#

---------------  S U M M A R Y ------------

Command Line: -javaagent:D:\java\IntelliJ IDEA Community Edition 2022.3\lib\idea_rt.jar=54109:D:\java\IntelliJ IDEA Community Edition 2022.3\bin -Dfile.encoding=UTF-8 -Dsun.stdout.encoding=UTF-8 -Dsun.stderr.encoding=UTF-8 com.kiet.ECommerceApplication

Host: AMD Ryzen 5 5500U with Radeon Graphics         , 12 cores, 7G,  Windows 11 , 64 bit Build 22621 (10.0.22621.3958)
Time: Sun Oct 13 07:10:47 2024 SE Asia Standard Time elapsed time: 42608.275584 seconds (0d 11h 50m 8s)

---------------  T H R E A D  ---------------

Current thread (0x0000020476a47200):  JavaThread "C2 CompilerThread0" daemon [_thread_in_native, id=21428, stack(0x000000ca6fe00000,0x000000ca6ff00000) (1024K)]


Current CompileTask:
C2:42608275 33905   !   4       org.springframework.web.filter.RequestContextFilter::doFilterInternal (107 bytes)

Stack: [0x000000ca6fe00000,0x000000ca6ff00000]
Native frames: (J=compiled Java code, j=interpreted, Vv=VM code, C=native code)
V  [jvm.dll+0x6e26e9]  (no source info available)
V  [jvm.dll+0x875753]  (no source info available)
V  [jvm.dll+0x877b7e]  (no source info available)
V  [jvm.dll+0x878253]  (no source info available)
V  [jvm.dll+0x27fc86]  (no source info available)
V  [jvm.dll+0xc3d0f]  (no source info available)
V  [jvm.dll+0xc3f6b]  (no source info available)
V  [jvm.dll+0x3bb442]  (no source info available)
V  [jvm.dll+0x387d4b]  (no source info available)
V  [jvm.dll+0x3871ba]  (no source info available)
V  [jvm.dll+0x2477f8]  (no source info available)
V  [jvm.dll+0x246e9f]  (no source info available)
V  [jvm.dll+0x1c4e80]  (no source info available)
V  [jvm.dll+0x2568f3]  (no source info available)
V  [jvm.dll+0x254baa]  (no source info available)
V  [jvm.dll+0x3f57a6]  (no source info available)
V  [jvm.dll+0x81dc0b]  (no source info available)
V  [jvm.dll+0x6e0d85]  (no source info available)
C  [ucrtbase.dll+0x29333]  (no source info available)
C  [KERNEL32.DLL+0x1257d]  (no source info available)
C  [ntdll.dll+0x5af08]  (no source info available)


---------------  P R O C E S S  ---------------

Threads class SMR info:
_java_thread_list=0x000002044ace8c40, length=34, elements={
0x0000020476a28f70, 0x0000020476a29c90, 0x0000020476a2bbf0, 0x0000020476a2e9e0,
0x0000020476a33900, 0x0000020476a36a00, 0x0000020476a47200, 0x0000020476a478c0,
0x0000020476a35ce0, 0x0000020476a36370, 0x0000020476a37090, 0x0000020449261fe0,
0x00000204492612c0, 0x000002044d1b1410, 0x000002044925ff10, 0x000002044b714600,
0x000002044b7166d0, 0x000002044b714c90, 0x000002044b7138e0, 0x000002044b711810,
0x000002044b712530, 0x000002044b716d60, 0x000002044b716040, 0x000002044b7173f0,
0x000002044b710460, 0x000002044925f880, 0x0000020449261950, 0x00000204492605a0,
0x0000020449262670, 0x000002044925f1f0, 0x000002044925d120, 0x000002044925c400,
0x000002044b6d26a0, 0x000002044b6d0490
}

Java Threads: ( => current thread )
  0x0000020476a28f70 JavaThread "Reference Handler"          daemon [_thread_blocked, id=21752, stack(0x000000ca6f800000,0x000000ca6f900000) (1024K)]
  0x0000020476a29c90 JavaThread "Finalizer"                  daemon [_thread_blocked, id=21636, stack(0x000000ca6f900000,0x000000ca6fa00000) (1024K)]
  0x0000020476a2bbf0 JavaThread "Signal Dispatcher"          daemon [_thread_blocked, id=18072, stack(0x000000ca6fa00000,0x000000ca6fb00000) (1024K)]
  0x0000020476a2e9e0 JavaThread "Attach Listener"            daemon [_thread_blocked, id=8132, stack(0x000000ca6fb00000,0x000000ca6fc00000) (1024K)]
  0x0000020476a33900 JavaThread "Service Thread"             daemon [_thread_blocked, id=12564, stack(0x000000ca6fc00000,0x000000ca6fd00000) (1024K)]
  0x0000020476a36a00 JavaThread "Monitor Deflation Thread"   daemon [_thread_blocked, id=20504, stack(0x000000ca6fd00000,0x000000ca6fe00000) (1024K)]
=>0x0000020476a47200 JavaThread "C2 CompilerThread0"         daemon [_thread_in_native, id=21428, stack(0x000000ca6fe00000,0x000000ca6ff00000) (1024K)]
  0x0000020476a478c0 JavaThread "C1 CompilerThread0"         daemon [_thread_blocked, id=20876, stack(0x000000ca6ff00000,0x000000ca70000000) (1024K)]
  0x0000020476a35ce0 JavaThread "Common-Cleaner"             daemon [_thread_blocked, id=13196, stack(0x000000ca70000000,0x000000ca70100000) (1024K)]
  0x0000020476a36370 JavaThread "Monitor Ctrl-Break"         daemon [_thread_in_native, id=1928, stack(0x000000ca70200000,0x000000ca70300000) (1024K)]
  0x0000020476a37090 JavaThread "Notification Thread"        daemon [_thread_blocked, id=3904, stack(0x000000ca70300000,0x000000ca70400000) (1024K)]
  0x0000020449261fe0 JavaThread "mysql-cj-abandoned-connection-cleanup" daemon [_thread_blocked, id=8688, stack(0x000000ca71500000,0x000000ca71600000) (1024K)]
  0x00000204492612c0 JavaThread "Live Reload Server"         daemon [_thread_in_native, id=3296, stack(0x000000ca71b00000,0x000000ca71c00000) (1024K)]
  0x000002044d1b1410 JavaThread "DestroyJavaVM"                     [_thread_blocked, id=13332, stack(0x000000ca6f000000,0x000000ca6f100000) (1024K)]
  0x000002044925ff10 JavaThread "File Watcher"               daemon [_thread_blocked, id=4780, stack(0x000000ca70100000,0x000000ca70200000) (1024K)]
  0x000002044b714600 JavaThread "Catalina-utility-1"                [_thread_blocked, id=17136, stack(0x000000ca71100000,0x000000ca71200000) (1024K)]
  0x000002044b7166d0 JavaThread "Catalina-utility-2"                [_thread_blocked, id=23640, stack(0x000000ca71200000,0x000000ca71300000) (1024K)]
  0x000002044b714c90 JavaThread "container-1"                       [_thread_blocked, id=12452, stack(0x000000ca71300000,0x000000ca71400000) (1024K)]
  0x000002044b7138e0 JavaThread "HikariPool-5 housekeeper"   daemon [_thread_blocked, id=23172, stack(0x000000ca71400000,0x000000ca71500000) (1024K)]
  0x000002044b711810 JavaThread "File Watcher"               daemon [_thread_blocked, id=23120, stack(0x000000ca71700000,0x000000ca71800000) (1024K)]
  0x000002044b712530 JavaThread "http-nio-5454-exec-1"       daemon [_thread_blocked, id=17900, stack(0x000000ca71800000,0x000000ca71900000) (1024K)]
  0x000002044b716d60 JavaThread "http-nio-5454-exec-2"       daemon [_thread_blocked, id=21224, stack(0x000000ca71900000,0x000000ca71a00000) (1024K)]
  0x000002044b716040 JavaThread "http-nio-5454-exec-3"       daemon [_thread_blocked, id=24560, stack(0x000000ca71a00000,0x000000ca71b00000) (1024K)]
  0x000002044b7173f0 JavaThread "http-nio-5454-exec-4"       daemon [_thread_blocked, id=24092, stack(0x000000ca71c00000,0x000000ca71d00000) (1024K)]
  0x000002044b710460 JavaThread "http-nio-5454-exec-5"       daemon [_thread_blocked, id=3324, stack(0x000000ca71d00000,0x000000ca71e00000) (1024K)]
  0x000002044925f880 JavaThread "http-nio-5454-exec-6"       daemon [_thread_blocked, id=22132, stack(0x000000ca71e00000,0x000000ca71f00000) (1024K)]
  0x0000020449261950 JavaThread "http-nio-5454-exec-7"       daemon [_thread_blocked, id=21056, stack(0x000000ca71f00000,0x000000ca72000000) (1024K)]
  0x00000204492605a0 JavaThread "http-nio-5454-exec-8"       daemon [_thread_blocked, id=21772, stack(0x000000ca72000000,0x000000ca72100000) (1024K)]
  0x0000020449262670 JavaThread "http-nio-5454-exec-9"       daemon [_thread_blocked, id=12872, stack(0x000000ca72100000,0x000000ca72200000) (1024K)]
  0x000002044925f1f0 JavaThread "http-nio-5454-exec-10"      daemon [_thread_blocked, id=14704, stack(0x000000ca72200000,0x000000ca72300000) (1024K)]
  0x000002044925d120 JavaThread "http-nio-5454-Poller"       daemon [_thread_in_native, id=16108, stack(0x000000ca72300000,0x000000ca72400000) (1024K)]
  0x000002044925c400 JavaThread "http-nio-5454-Acceptor"     daemon [_thread_in_native, id=20292, stack(0x000000ca72400000,0x000000ca72500000) (1024K)]
  0x000002044b6d26a0 JavaThread "C2 CompilerThread1"         daemon [_thread_blocked, id=23812, stack(0x000000ca6ed00000,0x000000ca6ee00000) (1024K)]
  0x000002044b6d0490 JavaThread "C2 CompilerThread2"         daemon [_thread_blocked, id=14544, stack(0x000000ca6ee00000,0x000000ca6ef00000) (1024K)]
Total: 34

Other Threads:
  0x0000020476a0cf50 VMThread "VM Thread"                           [id=20412, stack(0x000000ca6f700000,0x000000ca6f800000) (1024K)]
  0x00000204769f5c00 WatcherThread "VM Periodic Task Thread"        [id=15856, stack(0x000000ca6f600000,0x000000ca6f700000) (1024K)]
  0x000002045a0d1450 WorkerThread "GC Thread#0"                     [id=10872, stack(0x000000ca6f100000,0x000000ca6f200000) (1024K)]
  0x0000020445f64050 WorkerThread "GC Thread#1"                     [id=1380, stack(0x000000ca70600000,0x000000ca70700000) (1024K)]
  0x0000020445f64400 WorkerThread "GC Thread#2"                     [id=23048, stack(0x000000ca70700000,0x000000ca70800000) (1024K)]
  0x0000020445f647b0 WorkerThread "GC Thread#3"                     [id=12920, stack(0x000000ca70800000,0x000000ca70900000) (1024K)]
  0x0000020445f6ab80 WorkerThread "GC Thread#4"                     [id=23492, stack(0x000000ca70900000,0x000000ca70a00000) (1024K)]
  0x0000020445f6bb50 WorkerThread "GC Thread#5"                     [id=8240, stack(0x000000ca70a00000,0x000000ca70b00000) (1024K)]
  0x0000020445f8e810 WorkerThread "GC Thread#6"                     [id=20256, stack(0x000000ca70b00000,0x000000ca70c00000) (1024K)]
  0x0000020445f8ffe0 WorkerThread "GC Thread#7"                     [id=15588, stack(0x000000ca70c00000,0x000000ca70d00000) (1024K)]
  0x0000020446421760 WorkerThread "GC Thread#8"                     [id=22040, stack(0x000000ca70f00000,0x000000ca71000000) (1024K)]
  0x0000020446422730 WorkerThread "GC Thread#9"                     [id=23888, stack(0x000000ca71000000,0x000000ca71100000) (1024K)]
  0x000002045a0e10f0 ConcurrentGCThread "G1 Main Marker"            [id=18660, stack(0x000000ca6f200000,0x000000ca6f300000) (1024K)]
  0x000002045a0e1c00 WorkerThread "G1 Conc#0"                       [id=13340, stack(0x000000ca6f300000,0x000000ca6f400000) (1024K)]
  0x000002044649e740 WorkerThread "G1 Conc#1"                       [id=18484, stack(0x000000ca70d00000,0x000000ca70e00000) (1024K)]
  0x000002044649eaf0 WorkerThread "G1 Conc#2"                       [id=19544, stack(0x000000ca70e00000,0x000000ca70f00000) (1024K)]
  0x00000204768c6dc0 ConcurrentGCThread "G1 Refine#0"               [id=18528, stack(0x000000ca6f400000,0x000000ca6f500000) (1024K)]
  0x00000204768c7850 ConcurrentGCThread "G1 Service"                [id=22120, stack(0x000000ca6f500000,0x000000ca6f600000) (1024K)]
Total: 18

Threads with active compile tasks:
C2 CompilerThread0  42608378 33905   !   4       org.springframework.web.filter.RequestContextFilter::doFilterInternal (107 bytes)
Total: 1

VM state: not at safepoint (normal execution)

VM Mutex/Monitor currently owned by a thread: None

Heap address: 0x000000008a800000, size: 1880 MB, Compressed Oops mode: 32-bit

CDS archive(s) mapped at: [0x0000020400000000-0x0000020400c60000-0x0000020400c60000), size 12976128, SharedBaseAddress: 0x0000020400000000, ArchiveRelocationMode: 1.
Compressed class space mapped at: 0x0000020401000000-0x0000020441000000, reserved size: 1073741824
Narrow klass base: 0x0000020400000000, Narrow klass shift: 0, Narrow klass range: 0x41000000

GC Precious Log:
 CardTable entry size: 512
 Card Set container configuration: InlinePtr #cards 5 size 8 Array Of Cards #cards 12 size 40 Howl #buckets 4 coarsen threshold 1843 Howl Bitmap #cards 512 size 80 coarsen threshold 460 Card regions per heap region 1 cards per card region 2048
 CPUs: 12 total, 12 available
 Memory: 7514M
 Large Page Support: Disabled
 NUMA Support: Disabled
 Compressed Oops: Enabled (32-bit)
 Heap Region Size: 1M
 Heap Min Capacity: 8M
 Heap Initial Capacity: 118M
 Heap Max Capacity: 1880M
 Pre-touch: Disabled
 Parallel Workers: 10
 Concurrent Workers: 3
 Concurrent Refinement Workers: 10
 Periodic GC: Disabled

Heap:
 garbage-first heap   total reserved 1925120K, committed 106496K, used 50663K [0x000000008a800000, 0x0000000100000000)
  region size 1024K, 16 young (16384K), 1 survivors (1024K)
 Metaspace       used 91421K, committed 92480K, reserved 1179648K
  class space    used 11746K, committed 12288K, reserved 1048576K

Heap Regions: E=young(eden), S=young(survivor), O=old, HS=humongous(starts), HC=humongous(continues), CS=collection set, F=free, TAMS=top-at-mark-start, PB=parsable bottom
|   0|0x000000008a800000, 0x000000008a900000, 0x000000008a900000|100%|HS|  |TAMS 0x000000008a800000| PB 0x000000008a800000| Complete |  0
|   1|0x000000008a900000, 0x000000008a9ffff8, 0x000000008aa00000| 99%| O|  |TAMS 0x000000008a900000| PB 0x000000008a900000| Untracked |  0
|   2|0x000000008aa00000, 0x000000008aafffe8, 0x000000008ab00000| 99%| O|  |TAMS 0x000000008aa00000| PB 0x000000008aa00000| Untracked |  0
|   3|0x000000008ab00000, 0x000000008ac00000, 0x000000008ac00000|100%| O|  |TAMS 0x000000008ab00000| PB 0x000000008ab00000| Untracked |  0
|   4|0x000000008ac00000, 0x000000008acfffd8, 0x000000008ad00000| 99%| O|  |TAMS 0x000000008ac00000| PB 0x000000008ac00000| Untracked |  0
|   5|0x000000008ad00000, 0x000000008adfffe8, 0x000000008ae00000| 99%| O|  |TAMS 0x000000008ad00000| PB 0x000000008ad00000| Untracked |  0
|   6|0x000000008ae00000, 0x000000008af00000, 0x000000008af00000|100%| O|  |TAMS 0x000000008ae00000| PB 0x000000008ae00000| Untracked |  0
|   7|0x000000008af00000, 0x000000008b000000, 0x000000008b000000|100%| O|  |TAMS 0x000000008af00000| PB 0x000000008af00000| Untracked |  0
|   8|0x000000008b000000, 0x000000008b0fffd0, 0x000000008b100000| 99%| O|  |TAMS 0x000000008b000000| PB 0x000000008b000000| Untracked |  0
|   9|0x000000008b100000, 0x000000008b1ffff0, 0x000000008b200000| 99%| O|  |TAMS 0x000000008b100000| PB 0x000000008b100000| Untracked |  0
|  10|0x000000008b200000, 0x000000008b2ffff0, 0x000000008b300000| 99%| O|  |TAMS 0x000000008b200000| PB 0x000000008b200000| Untracked |  0
|  11|0x000000008b300000, 0x000000008b3ffff0, 0x000000008b400000| 99%| O|  |TAMS 0x000000008b300000| PB 0x000000008b300000| Untracked |  0
|  12|0x000000008b400000, 0x000000008b500000, 0x000000008b500000|100%| O|  |TAMS 0x000000008b400000| PB 0x000000008b400000| Untracked |  0
|  13|0x000000008b500000, 0x000000008b5ff080, 0x000000008b600000| 99%| O|  |TAMS 0x000000008b500000| PB 0x000000008b500000| Untracked |  0
|  14|0x000000008b600000, 0x000000008b6fe998, 0x000000008b700000| 99%| O|  |TAMS 0x000000008b600000| PB 0x000000008b600000| Untracked |  0
|  15|0x000000008b700000, 0x000000008b800000, 0x000000008b800000|100%| O|  |TAMS 0x000000008b700000| PB 0x000000008b700000| Untracked |  0
|  16|0x000000008b800000, 0x000000008b8fffe0, 0x000000008b900000| 99%| O|  |TAMS 0x000000008b800000| PB 0x000000008b800000| Untracked |  0
|  17|0x000000008b900000, 0x000000008b9fffe8, 0x000000008ba00000| 99%| O|  |TAMS 0x000000008b900000| PB 0x000000008b900000| Untracked |  0
|  18|0x000000008ba00000, 0x000000008baffff0, 0x000000008bb00000| 99%| O|  |TAMS 0x000000008ba00000| PB 0x000000008ba00000| Untracked |  0
|  19|0x000000008bb00000, 0x000000008bbffff8, 0x000000008bc00000| 99%| O|  |TAMS 0x000000008bb00000| PB 0x000000008bb00000| Untracked |  0
|  20|0x000000008bc00000, 0x000000008bcffff0, 0x000000008bd00000| 99%| O|  |TAMS 0x000000008bc00000| PB 0x000000008bc00000| Untracked |  0
|  21|0x000000008bd00000, 0x000000008be00000, 0x000000008be00000|100%| O|  |TAMS 0x000000008bd00000| PB 0x000000008bd00000| Untracked |  0
|  22|0x000000008be00000, 0x000000008befffe8, 0x000000008bf00000| 99%| O|  |TAMS 0x000000008be00000| PB 0x000000008be00000| Untracked |  0
|  23|0x000000008bf00000, 0x000000008c000000, 0x000000008c000000|100%| O|  |TAMS 0x000000008bf00000| PB 0x000000008bf00000| Untracked |  0
|  24|0x000000008c000000, 0x000000008c0ffff8, 0x000000008c100000| 99%| O|  |TAMS 0x000000008c000000| PB 0x000000008c000000| Untracked |  0
|  25|0x000000008c100000, 0x000000008c1ffff0, 0x000000008c200000| 99%| O|Cm|TAMS 0x000000008c100000| PB 0x000000008c100000| Complete |  0
|  26|0x000000008c200000, 0x000000008c300000, 0x000000008c300000|100%| O|  |TAMS 0x000000008c200000| PB 0x000000008c200000| Untracked |  0
|  27|0x000000008c300000, 0x000000008c400000, 0x000000008c400000|100%| O|  |TAMS 0x000000008c300000| PB 0x000000008c300000| Untracked |  0
|  28|0x000000008c400000, 0x000000008c500000, 0x000000008c500000|100%| O|  |TAMS 0x000000008c400000| PB 0x000000008c400000| Untracked |  0
|  29|0x000000008c500000, 0x000000008c600000, 0x000000008c600000|100%| O|  |TAMS 0x000000008c500000| PB 0x000000008c500000| Untracked |  0
|  30|0x000000008c600000, 0x000000008c700000, 0x000000008c700000|100%| O|  |TAMS 0x000000008c600000| PB 0x000000008c600000| Untracked |  0
|  31|0x000000008c700000, 0x000000008c723940, 0x000000008c800000| 13%| O|  |TAMS 0x000000008c700000| PB 0x000000008c700000| Untracked |  0
|  32|0x000000008c800000, 0x000000008c900000, 0x000000008c900000|100%| O|  |TAMS 0x000000008c800000| PB 0x000000008c800000| Untracked |  0
|  33|0x000000008c900000, 0x000000008c900000, 0x000000008ca00000|  0%| F|  |TAMS 0x000000008c900000| PB 0x000000008c900000| Untracked |  0
|  34|0x000000008ca00000, 0x000000008cb00000, 0x000000008cb00000|100%| O|  |TAMS 0x000000008ca00000| PB 0x000000008ca00000| Untracked |  0
|  35|0x000000008cb00000, 0x000000008cb00000, 0x000000008cc00000|  0%| F|  |TAMS 0x000000008cb00000| PB 0x000000008cb00000| Untracked |  0
|  36|0x000000008cc00000, 0x000000008cc00000, 0x000000008cd00000|  0%| F|  |TAMS 0x000000008cc00000| PB 0x000000008cc00000| Untracked |  0
|  37|0x000000008cd00000, 0x000000008cd00000, 0x000000008ce00000|  0%| F|  |TAMS 0x000000008cd00000| PB 0x000000008cd00000| Untracked |  0
|  38|0x000000008ce00000, 0x000000008ce00000, 0x000000008cf00000|  0%| F|  |TAMS 0x000000008ce00000| PB 0x000000008ce00000| Untracked |  0
|  39|0x000000008cf00000, 0x000000008cf00000, 0x000000008d000000|  0%| F|  |TAMS 0x000000008cf00000| PB 0x000000008cf00000| Untracked |  0
|  40|0x000000008d000000, 0x000000008d100000, 0x000000008d100000|100%| O|  |TAMS 0x000000008d000000| PB 0x000000008d000000| Untracked |  0
|  41|0x000000008d100000, 0x000000008d200000, 0x000000008d200000|100%| O|  |TAMS 0x000000008d100000| PB 0x000000008d100000| Untracked |  0
|  42|0x000000008d200000, 0x000000008d258a78, 0x000000008d300000| 34%| S|CS|TAMS 0x000000008d200000| PB 0x000000008d200000| Complete |  0
|  43|0x000000008d300000, 0x000000008d300000, 0x000000008d400000|  0%| F|  |TAMS 0x000000008d300000| PB 0x000000008d300000| Untracked |  0
|  44|0x000000008d400000, 0x000000008d400000, 0x000000008d500000|  0%| F|  |TAMS 0x000000008d400000| PB 0x000000008d400000| Untracked |  0
|  45|0x000000008d500000, 0x000000008d500000, 0x000000008d600000|  0%| F|  |TAMS 0x000000008d500000| PB 0x000000008d500000| Untracked |  0
|  46|0x000000008d600000, 0x000000008d600000, 0x000000008d700000|  0%| F|  |TAMS 0x000000008d600000| PB 0x000000008d600000| Untracked |  0
|  47|0x000000008d700000, 0x000000008d700000, 0x000000008d800000|  0%| F|  |TAMS 0x000000008d700000| PB 0x000000008d700000| Untracked |  0
|  48|0x000000008d800000, 0x000000008d800000, 0x000000008d900000|  0%| F|  |TAMS 0x000000008d800000| PB 0x000000008d800000| Untracked |  0
|  49|0x000000008d900000, 0x000000008d900000, 0x000000008da00000|  0%| F|  |TAMS 0x000000008d900000| PB 0x000000008d900000| Untracked |  0
|  50|0x000000008da00000, 0x000000008da00000, 0x000000008db00000|  0%| F|  |TAMS 0x000000008da00000| PB 0x000000008da00000| Untracked |  0
|  51|0x000000008db00000, 0x000000008db00000, 0x000000008dc00000|  0%| F|  |TAMS 0x000000008db00000| PB 0x000000008db00000| Untracked |  0
|  52|0x000000008dc00000, 0x000000008dc00000, 0x000000008dd00000|  0%| F|  |TAMS 0x000000008dc00000| PB 0x000000008dc00000| Untracked |  0
|  53|0x000000008dd00000, 0x000000008dd00000, 0x000000008de00000|  0%| F|  |TAMS 0x000000008dd00000| PB 0x000000008dd00000| Untracked |  0
|  54|0x000000008de00000, 0x000000008de00000, 0x000000008df00000|  0%| F|  |TAMS 0x000000008de00000| PB 0x000000008de00000| Untracked |  0
|  55|0x000000008df00000, 0x000000008df00000, 0x000000008e000000|  0%| F|  |TAMS 0x000000008df00000| PB 0x000000008df00000| Untracked |  0
|  56|0x000000008e000000, 0x000000008e000000, 0x000000008e100000|  0%| F|  |TAMS 0x000000008e000000| PB 0x000000008e000000| Untracked |  0
|  57|0x000000008e100000, 0x000000008e100000, 0x000000008e200000|  0%| F|  |TAMS 0x000000008e100000| PB 0x000000008e100000| Untracked |  0
|  58|0x000000008e200000, 0x000000008e200000, 0x000000008e300000|  0%| F|  |TAMS 0x000000008e200000| PB 0x000000008e200000| Untracked |  0
|  59|0x000000008e300000, 0x000000008e300000, 0x000000008e400000|  0%| F|  |TAMS 0x000000008e300000| PB 0x000000008e300000| Untracked |  0
|  60|0x000000008e400000, 0x000000008e400000, 0x000000008e500000|  0%| F|  |TAMS 0x000000008e400000| PB 0x000000008e400000| Untracked |  0
|  61|0x000000008e500000, 0x000000008e500000, 0x000000008e600000|  0%| F|  |TAMS 0x000000008e500000| PB 0x000000008e500000| Untracked |  0
|  62|0x000000008e600000, 0x000000008e600000, 0x000000008e700000|  0%| F|  |TAMS 0x000000008e600000| PB 0x000000008e600000| Untracked |  0
|  63|0x000000008e700000, 0x000000008e700000, 0x000000008e800000|  0%| F|  |TAMS 0x000000008e700000| PB 0x000000008e700000| Untracked |  0
|  64|0x000000008e800000, 0x000000008e800000, 0x000000008e900000|  0%| F|  |TAMS 0x000000008e800000| PB 0x000000008e800000| Untracked |  0
|  65|0x000000008e900000, 0x000000008e900000, 0x000000008ea00000|  0%| F|  |TAMS 0x000000008e900000| PB 0x000000008e900000| Untracked |  0
|  66|0x000000008ea00000, 0x000000008ea00000, 0x000000008eb00000|  0%| F|  |TAMS 0x000000008ea00000| PB 0x000000008ea00000| Untracked |  0
|  67|0x000000008eb00000, 0x000000008eb00000, 0x000000008ec00000|  0%| F|  |TAMS 0x000000008eb00000| PB 0x000000008eb00000| Untracked |  0
|  68|0x000000008ec00000, 0x000000008ec00000, 0x000000008ed00000|  0%| F|  |TAMS 0x000000008ec00000| PB 0x000000008ec00000| Untracked |  0
|  69|0x000000008ed00000, 0x000000008ed00000, 0x000000008ee00000|  0%| F|  |TAMS 0x000000008ed00000| PB 0x000000008ed00000| Untracked |  0
|  70|0x000000008ee00000, 0x000000008ee00000, 0x000000008ef00000|  0%| F|  |TAMS 0x000000008ee00000| PB 0x000000008ee00000| Untracked |  0
|  71|0x000000008ef00000, 0x000000008ef00000, 0x000000008f000000|  0%| F|  |TAMS 0x000000008ef00000| PB 0x000000008ef00000| Untracked |  0
|  72|0x000000008f000000, 0x000000008f000000, 0x000000008f100000|  0%| F|  |TAMS 0x000000008f000000| PB 0x000000008f000000| Untracked |  0
|  73|0x000000008f100000, 0x000000008f100000, 0x000000008f200000|  0%| F|  |TAMS 0x000000008f100000| PB 0x000000008f100000| Untracked |  0
|  74|0x000000008f200000, 0x000000008f200000, 0x000000008f300000|  0%| F|  |TAMS 0x000000008f200000| PB 0x000000008f200000| Untracked |  0
|  75|0x000000008f300000, 0x000000008f300000, 0x000000008f400000|  0%| F|  |TAMS 0x000000008f300000| PB 0x000000008f300000| Untracked |  0
|  76|0x000000008f400000, 0x000000008f400000, 0x000000008f500000|  0%| F|  |TAMS 0x000000008f400000| PB 0x000000008f400000| Untracked |  0
|  77|0x000000008f500000, 0x000000008f500000, 0x000000008f600000|  0%| F|  |TAMS 0x000000008f500000| PB 0x000000008f500000| Untracked |  0
|  78|0x000000008f600000, 0x000000008f600000, 0x000000008f700000|  0%| F|  |TAMS 0x000000008f600000| PB 0x000000008f600000| Untracked |  0
|  79|0x000000008f700000, 0x000000008f700000, 0x000000008f800000|  0%| F|  |TAMS 0x000000008f700000| PB 0x000000008f700000| Untracked |  0
|  80|0x000000008f800000, 0x000000008f800000, 0x000000008f900000|  0%| F|  |TAMS 0x000000008f800000| PB 0x000000008f800000| Untracked |  0
|  81|0x000000008f900000, 0x000000008f900000, 0x000000008fa00000|  0%| F|  |TAMS 0x000000008f900000| PB 0x000000008f900000| Untracked |  0
|  82|0x000000008fa00000, 0x000000008fa00000, 0x000000008fb00000|  0%| F|  |TAMS 0x000000008fa00000| PB 0x000000008fa00000| Untracked |  0
|  83|0x000000008fb00000, 0x000000008fb00000, 0x000000008fc00000|  0%| F|  |TAMS 0x000000008fb00000| PB 0x000000008fb00000| Untracked |  0
|  84|0x000000008fc00000, 0x000000008fc00000, 0x000000008fd00000|  0%| F|  |TAMS 0x000000008fc00000| PB 0x000000008fc00000| Untracked |  0
|  85|0x000000008fd00000, 0x000000008fd00000, 0x000000008fe00000|  0%| F|  |TAMS 0x000000008fd00000| PB 0x000000008fd00000| Untracked |  0
|  86|0x000000008fe00000, 0x000000008fe00000, 0x000000008ff00000|  0%| F|  |TAMS 0x000000008fe00000| PB 0x000000008fe00000| Untracked |  0
|  87|0x000000008ff00000, 0x000000008ff00000, 0x0000000090000000|  0%| F|  |TAMS 0x000000008ff00000| PB 0x000000008ff00000| Untracked |  0
|  88|0x0000000090000000, 0x0000000090020b30, 0x0000000090100000| 12%| E|  |TAMS 0x0000000090000000| PB 0x0000000090000000| Complete |  0
|  89|0x0000000090100000, 0x0000000090200000, 0x0000000090200000|100%| E|CS|TAMS 0x0000000090100000| PB 0x0000000090100000| Complete |  0
|  90|0x0000000090200000, 0x0000000090300000, 0x0000000090300000|100%| E|CS|TAMS 0x0000000090200000| PB 0x0000000090200000| Complete |  0
|  91|0x0000000090300000, 0x0000000090400000, 0x0000000090400000|100%| E|CS|TAMS 0x0000000090300000| PB 0x0000000090300000| Complete |  0
|  92|0x0000000090400000, 0x0000000090500000, 0x0000000090500000|100%| E|CS|TAMS 0x0000000090400000| PB 0x0000000090400000| Complete |  0
|  93|0x0000000090500000, 0x0000000090600000, 0x0000000090600000|100%| E|CS|TAMS 0x0000000090500000| PB 0x0000000090500000| Complete |  0
|  94|0x0000000090600000, 0x0000000090700000, 0x0000000090700000|100%| E|CS|TAMS 0x0000000090600000| PB 0x0000000090600000| Complete |  0
|  95|0x0000000090700000, 0x0000000090800000, 0x0000000090800000|100%| E|CS|TAMS 0x0000000090700000| PB 0x0000000090700000| Complete |  0
|  96|0x0000000090800000, 0x0000000090900000, 0x0000000090900000|100%| E|CS|TAMS 0x0000000090800000| PB 0x0000000090800000| Complete |  0
|  97|0x0000000090900000, 0x0000000090a00000, 0x0000000090a00000|100%| E|CS|TAMS 0x0000000090900000| PB 0x0000000090900000| Complete |  0
|  98|0x0000000090a00000, 0x0000000090b00000, 0x0000000090b00000|100%| E|CS|TAMS 0x0000000090a00000| PB 0x0000000090a00000| Complete |  0
|  99|0x0000000090b00000, 0x0000000090c00000, 0x0000000090c00000|100%| E|CS|TAMS 0x0000000090b00000| PB 0x0000000090b00000| Complete |  0
| 100|0x0000000090c00000, 0x0000000090d00000, 0x0000000090d00000|100%| E|CS|TAMS 0x0000000090c00000| PB 0x0000000090c00000| Complete |  0
| 101|0x0000000090d00000, 0x0000000090e00000, 0x0000000090e00000|100%| E|CS|TAMS 0x0000000090d00000| PB 0x0000000090d00000| Complete |  0
| 102|0x0000000090e00000, 0x0000000090f00000, 0x0000000090f00000|100%| E|CS|TAMS 0x0000000090e00000| PB 0x0000000090e00000| Complete |  0
| 117|0x0000000091d00000, 0x0000000091e00000, 0x0000000091e00000|100%| E|CS|TAMS 0x0000000091d00000| PB 0x0000000091d00000| Complete |  0

Card table byte_map: [0x0000020471cc0000,0x0000020472070000] _byte_map_base: 0x000002047186c000

Marking Bits: (CMBitMap*) 0x000002045a0d1b60
 Bits: [0x0000020472070000, 0x0000020473dd0000)

Polling page: 0x0000020458050000

Metaspace:

Usage:
  Non-class:     77.81 MB used.
      Class:     11.47 MB used.
       Both:     89.28 MB used.

Virtual space:
  Non-class space:      128.00 MB reserved,      78.31 MB ( 61%) committed,  2 nodes.
      Class space:        1.00 GB reserved,      12.00 MB (  1%) committed,  1 nodes.
             Both:        1.12 GB reserved,      90.31 MB (  8%) committed. 

Chunk freelists:
   Non-Class:  1.53 MB
       Class:  4.17 MB
        Both:  5.70 MB

MaxMetaspaceSize: unlimited
CompressedClassSpaceSize: 1.00 GB
Initial GC threshold: 21.00 MB
Current GC threshold: 150.31 MB
CDS: on
 - commit_granule_bytes: 65536.
 - commit_granule_words: 8192.
 - virtual_space_node_default_size: 8388608.
 - enlarge_chunks_in_place: 1.
 - use_allocation_guard: 0.


Internal statistics:

num_allocs_failed_limit: 6.
num_arena_births: 2288.
num_arena_deaths: 1262.
num_vsnodes_births: 3.
num_vsnodes_deaths: 0.
num_space_committed: 1456.
num_space_uncommitted: 10.
num_chunks_returned_to_freelist: 1766.
num_chunks_taken_from_freelist: 6590.
num_chunk_merges: 355.
num_chunk_splits: 3754.
num_chunks_enlarged: 2666.
num_inconsistent_stats: 0.

CodeHeap 'non-profiled nmethods': size=120000Kb used=7021Kb max_used=12365Kb free=112978Kb
 bounds [0x0000020469e90000, 0x000002046aab0000, 0x00000204713c0000]
CodeHeap 'profiled nmethods': size=120000Kb used=5713Kb max_used=25362Kb free=114286Kb
 bounds [0x00000204623c0000, 0x0000020463c90000, 0x00000204698f0000]
CodeHeap 'non-nmethods': size=5760Kb used=1797Kb max_used=1900Kb free=3962Kb
 bounds [0x00000204698f0000, 0x0000020469b60000, 0x0000020469e90000]
 total_blobs=3995 nmethods=3197 adapters=701
 compilation: enabled
              stopped_count=0, restarted_count=0
 full_count=0

Compilation events (20 events):
Event: 42608.191 Thread 0x000002044b6d0490 nmethod 33909 0x0000020469ee4e90 code [0x0000020469ee5020, 0x0000020469ee5200]
Event: 42608.191 Thread 0x000002044b6d0490 33906       4       org.apache.catalina.mapper.Mapper::internalMapExactWrapper (99 bytes)
Event: 42608.194 Thread 0x000002044b6d0490 nmethod 33906 0x000002046a0f2890 code [0x000002046a0f2a40, 0x000002046a0f2d10]
Event: 42608.194 Thread 0x000002044b6d0490 33907       4       org.apache.catalina.connector.RequestFacade::getLocale (33 bytes)
Event: 42608.197 Thread 0x000002044b6d0490 nmethod 33907 0x000002046a081590 code [0x000002046a081740, 0x000002046a0818e0]
Event: 42608.197 Thread 0x000002044b6d0490 33908       4       org.springframework.security.web.context.SecurityContextHolderFilter::doFilter (14 bytes)
Event: 42608.207 Thread 0x000002044b6d26a0 nmethod 33916 0x000002046a420390 code [0x000002046a4205c0, 0x000002046a4215b0]
Event: 42608.211 Thread 0x0000020476a478c0 33949       3       org.apache.coyote.http11.filters.ChunkedOutputFilter::flush (10 bytes)
Event: 42608.212 Thread 0x0000020476a478c0 nmethod 33949 0x0000020462796810 code [0x00000204627969c0, 0x0000020462796b98]
Event: 42608.212 Thread 0x0000020476a478c0 33950       3       org.apache.coyote.http11.Http11OutputBuffer$SocketOutputBuffer::flush (19 bytes)
Event: 42608.212 Thread 0x0000020476a478c0 nmethod 33950 0x00000204623f4190 code [0x00000204623f4360, 0x00000204623f4778]
Event: 42608.217 Thread 0x000002044b6d26a0 33951       4       java.nio.Buffer::hasRemaining (17 bytes)
Event: 42608.218 Thread 0x000002044b6d26a0 nmethod 33951 0x0000020469ee4210 code [0x0000020469ee4380, 0x0000020469ee4418]
Event: 42608.236 Thread 0x0000020476a478c0 33952   !   3       org.apache.coyote.AbstractProcessor::action (1101 bytes)
Event: 42608.248 Thread 0x0000020476a478c0 nmethod 33952 0x0000020463490e10 code [0x0000020463491c60, 0x000002046349bd78]
Event: 42608.248 Thread 0x0000020476a478c0 33953       1       org.apache.coyote.Response::isCommitted (5 bytes)
Event: 42608.248 Thread 0x0000020476a478c0 nmethod 33953 0x0000020469ee5e10 code [0x0000020469ee5fa0, 0x0000020469ee6070]
Event: 42608.254 Thread 0x0000020476a478c0 33954       1       org.apache.coyote.Response::getContentLengthLong (5 bytes)
Event: 42608.255 Thread 0x0000020476a478c0 nmethod 33954 0x0000020469eebd90 code [0x0000020469eebf20, 0x0000020469eebfe8]
Event: 42608.260 Thread 0x000002044b6d0490 nmethod 33908 0x000002046a60a190 code [0x000002046a60a560, 0x000002046a60c800]

GC Heap History (20 events):
Event: 42598.023 GC heap before
{Heap before GC invocations=133 (full 3):
 garbage-first heap   total reserved 1925120K, committed 106496K, used 96108K [0x000000008a800000, 0x0000000100000000)
  region size 1024K, 61 young (62464K), 2 survivors (2048K)
 Metaspace       used 91409K, committed 92480K, reserved 1179648K
  class space    used 11742K, committed 12288K, reserved 1048576K
}
Event: 42598.026 GC heap after
{Heap after GC invocations=134 (full 3):
 garbage-first heap   total reserved 1925120K, committed 106496K, used 36686K [0x000000008a800000, 0x0000000100000000)
  region size 1024K, 2 young (2048K), 2 survivors (2048K)
 Metaspace       used 91409K, committed 92480K, reserved 1179648K
  class space    used 11742K, committed 12288K, reserved 1048576K
}
Event: 42599.363 GC heap before
{Heap before GC invocations=134 (full 3):
 garbage-first heap   total reserved 1925120K, committed 106496K, used 96078K [0x000000008a800000, 0x0000000100000000)
  region size 1024K, 61 young (62464K), 2 survivors (2048K)
 Metaspace       used 91409K, committed 92480K, reserved 1179648K
  class space    used 11742K, committed 12288K, reserved 1048576K
}
Event: 42599.367 GC heap after
{Heap after GC invocations=135 (full 3):
 garbage-first heap   total reserved 1925120K, committed 106496K, used 36422K [0x000000008a800000, 0x0000000100000000)
  region size 1024K, 1 young (1024K), 1 survivors (1024K)
 Metaspace       used 91409K, committed 92480K, reserved 1179648K
  class space    used 11742K, committed 12288K, reserved 1048576K
}
Event: 42600.466 GC heap before
{Heap before GC invocations=135 (full 3):
 garbage-first heap   total reserved 1925120K, committed 106496K, used 97862K [0x000000008a800000, 0x0000000100000000)
  region size 1024K, 62 young (63488K), 1 survivors (1024K)
 Metaspace       used 91409K, committed 92480K, reserved 1179648K
  class space    used 11742K, committed 12288K, reserved 1048576K
}
Event: 42600.470 GC heap after
{Heap after GC invocations=136 (full 3):
 garbage-first heap   total reserved 1925120K, committed 106496K, used 36535K [0x000000008a800000, 0x0000000100000000)
  region size 1024K, 2 young (2048K), 2 survivors (2048K)
 Metaspace       used 91409K, committed 92480K, reserved 1179648K
  class space    used 11742K, committed 12288K, reserved 1048576K
}
Event: 42601.545 GC heap before
{Heap before GC invocations=137 (full 3):
 garbage-first heap   total reserved 1925120K, committed 106496K, used 95927K [0x000000008a800000, 0x0000000100000000)
  region size 1024K, 61 young (62464K), 2 survivors (2048K)
 Metaspace       used 91409K, committed 92480K, reserved 1179648K
  class space    used 11742K, committed 12288K, reserved 1048576K
}
Event: 42601.546 GC heap after
{Heap after GC invocations=138 (full 3):
 garbage-first heap   total reserved 1925120K, committed 106496K, used 36531K [0x000000008a800000, 0x0000000100000000)
  region size 1024K, 1 young (1024K), 1 survivors (1024K)
 Metaspace       used 91409K, committed 92480K, reserved 1179648K
  class space    used 11742K, committed 12288K, reserved 1048576K
}
Event: 42602.616 GC heap before
{Heap before GC invocations=138 (full 3):
 garbage-first heap   total reserved 1925120K, committed 106496K, used 97971K [0x000000008a800000, 0x0000000100000000)
  region size 1024K, 62 young (63488K), 1 survivors (1024K)
 Metaspace       used 91409K, committed 92480K, reserved 1179648K
  class space    used 11742K, committed 12288K, reserved 1048576K
}
Event: 42602.623 GC heap after
{Heap after GC invocations=139 (full 3):
 garbage-first heap   total reserved 1925120K, committed 106496K, used 36356K [0x000000008a800000, 0x0000000100000000)
  region size 1024K, 1 young (1024K), 1 survivors (1024K)
 Metaspace       used 91409K, committed 92480K, reserved 1179648K
  class space    used 11742K, committed 12288K, reserved 1048576K
}
Event: 42603.737 GC heap before
{Heap before GC invocations=139 (full 3):
 garbage-first heap   total reserved 1925120K, committed 106496K, used 97796K [0x000000008a800000, 0x0000000100000000)
  region size 1024K, 62 young (63488K), 1 survivors (1024K)
 Metaspace       used 91409K, committed 92480K, reserved 1179648K
  class space    used 11742K, committed 12288K, reserved 1048576K
}
Event: 42603.739 GC heap after
{Heap after GC invocations=140 (full 3):
 garbage-first heap   total reserved 1925120K, committed 106496K, used 36493K [0x000000008a800000, 0x0000000100000000)
  region size 1024K, 1 young (1024K), 1 survivors (1024K)
 Metaspace       used 91409K, committed 92480K, reserved 1179648K
  class space    used 11742K, committed 12288K, reserved 1048576K
}
Event: 42604.850 GC heap before
{Heap before GC invocations=141 (full 3):
 garbage-first heap   total reserved 1925120K, committed 106496K, used 97933K [0x000000008a800000, 0x0000000100000000)
  region size 1024K, 62 young (63488K), 1 survivors (1024K)
 Metaspace       used 91409K, committed 92480K, reserved 1179648K
  class space    used 11742K, committed 12288K, reserved 1048576K
}
Event: 42604.852 GC heap after
{Heap after GC invocations=142 (full 3):
 garbage-first heap   total reserved 1925120K, committed 106496K, used 36483K [0x000000008a800000, 0x0000000100000000)
  region size 1024K, 1 young (1024K), 1 survivors (1024K)
 Metaspace       used 91409K, committed 92480K, reserved 1179648K
  class space    used 11742K, committed 12288K, reserved 1048576K
}
Event: 42605.977 GC heap before
{Heap before GC invocations=142 (full 3):
 garbage-first heap   total reserved 1925120K, committed 106496K, used 97923K [0x000000008a800000, 0x0000000100000000)
  region size 1024K, 62 young (63488K), 1 survivors (1024K)
 Metaspace       used 91409K, committed 92480K, reserved 1179648K
  class space    used 11742K, committed 12288K, reserved 1048576K
}
Event: 42605.987 GC heap after
{Heap after GC invocations=143 (full 3):
 garbage-first heap   total reserved 1925120K, committed 106496K, used 36254K [0x000000008a800000, 0x0000000100000000)
  region size 1024K, 1 young (1024K), 1 survivors (1024K)
 Metaspace       used 91409K, committed 92480K, reserved 1179648K
  class space    used 11742K, committed 12288K, reserved 1048576K
}
Event: 42606.992 GC heap before
{Heap before GC invocations=143 (full 3):
 garbage-first heap   total reserved 1925120K, committed 106496K, used 96670K [0x000000008a800000, 0x0000000100000000)
  region size 1024K, 61 young (62464K), 1 survivors (1024K)
 Metaspace       used 91409K, committed 92480K, reserved 1179648K
  class space    used 11742K, committed 12288K, reserved 1048576K
}
Event: 42606.993 GC heap after
{Heap after GC invocations=144 (full 3):
 garbage-first heap   total reserved 1925120K, committed 106496K, used 36339K [0x000000008a800000, 0x0000000100000000)
  region size 1024K, 1 young (1024K), 1 survivors (1024K)
 Metaspace       used 91409K, committed 92480K, reserved 1179648K
  class space    used 11742K, committed 12288K, reserved 1048576K
}
Event: 42608.022 GC heap before
{Heap before GC invocations=145 (full 3):
 garbage-first heap   total reserved 1925120K, committed 106496K, used 96755K [0x000000008a800000, 0x0000000100000000)
  region size 1024K, 61 young (62464K), 1 survivors (1024K)
 Metaspace       used 91409K, committed 92480K, reserved 1179648K
  class space    used 11742K, committed 12288K, reserved 1048576K
}
Event: 42608.023 GC heap after
{Heap after GC invocations=146 (full 3):
 garbage-first heap   total reserved 1925120K, committed 106496K, used 36327K [0x000000008a800000, 0x0000000100000000)
  region size 1024K, 1 young (1024K), 1 survivors (1024K)
 Metaspace       used 91409K, committed 92480K, reserved 1179648K
  class space    used 11742K, committed 12288K, reserved 1048576K
}

Dll operation events (15 events):
Event: 0.011 Loaded shared library C:\Program Files\Java\jdk-22\bin\java.dll
Event: 0.042 Loaded shared library C:\Program Files\Java\jdk-22\bin\jsvml.dll
Event: 0.118 Loaded shared library C:\Program Files\Java\jdk-22\bin\zip.dll
Event: 0.124 Loaded shared library C:\Program Files\Java\jdk-22\bin\instrument.dll
Event: 0.131 Loaded shared library C:\Program Files\Java\jdk-22\bin\net.dll
Event: 0.133 Loaded shared library C:\Program Files\Java\jdk-22\bin\nio.dll
Event: 0.138 Loaded shared library C:\Program Files\Java\jdk-22\bin\zip.dll
Event: 0.349 Loaded shared library D:\java\IntelliJ IDEA Community Edition 2022.3\bin\breakgen64.dll
Event: 0.360 Loaded shared library C:\Program Files\Java\jdk-22\bin\extnet.dll
Event: 0.402 Loaded shared library C:\Program Files\Java\jdk-22\bin\jimage.dll
Event: 0.922 Loaded shared library C:\Program Files\Java\jdk-22\bin\management.dll
Event: 0.926 Loaded shared library C:\Program Files\Java\jdk-22\bin\management_ext.dll
Event: 1.632 Loaded shared library C:\Program Files\Java\jdk-22\bin\le.dll
Event: 2.142 Loaded shared library C:\Program Files\Java\jdk-22\bin\sunmscapi.dll
Event: 6.134 Loaded shared library C:\Program Files\Java\jdk-22\bin\verify.dll

Deoptimization events (20 events):
Event: 42608.179 Thread 0x00000204492605a0 Uncommon trap: trap_request=0xffffffde fr.pc=0x000002046a3c44a0 relative=0x00000000000015c0
Event: 42608.179 Thread 0x00000204492605a0 Uncommon trap: reason=class_check action=maybe_recompile pc=0x000002046a3c44a0 method=org.springframework.core.annotation.AnnotatedElementUtils.findMergedAnnotation(Ljava/lang/reflect/AnnotatedElement;Ljava/lang/Class;)Ljava/lang/annotation/Annotation; @ 
Event: 42608.179 Thread 0x00000204492605a0 DEOPT PACKING pc=0x000002046a3c44a0 sp=0x000000ca720fc350
Event: 42608.180 Thread 0x00000204492605a0 DEOPT UNPACKING pc=0x00000204699446a2 sp=0x000000ca720fc340 mode 2
Event: 42608.180 Thread 0x00000204492605a0 Uncommon trap: trap_request=0xffffffde fr.pc=0x000002046a5c3328 relative=0x0000000000002c08
Event: 42608.180 Thread 0x00000204492605a0 Uncommon trap: reason=class_check action=maybe_recompile pc=0x000002046a5c3328 method=org.springframework.web.servlet.mvc.support.DefaultHandlerExceptionResolver.logException(Ljava/lang/Exception;Ljakarta/servlet/http/HttpServletRequest;)V @ 1 c2
Event: 42608.180 Thread 0x00000204492605a0 DEOPT PACKING pc=0x000002046a5c3328 sp=0x000000ca720fc9a0
Event: 42608.180 Thread 0x00000204492605a0 DEOPT UNPACKING pc=0x00000204699446a2 sp=0x000000ca720fc900 mode 2
Event: 42608.180 Thread 0x00000204492605a0 Uncommon trap: trap_request=0xffffffc6 fr.pc=0x0000020469ef8628 relative=0x00000000000004e8
Event: 42608.180 Thread 0x00000204492605a0 Uncommon trap: reason=bimorphic_or_optimized_type_check action=maybe_recompile pc=0x0000020469ef8628 method=java.lang.Throwable.getLocalizedMessage()Ljava/lang/String; @ 1 c2
Event: 42608.180 Thread 0x00000204492605a0 DEOPT PACKING pc=0x0000020469ef8628 sp=0x000000ca720fc760
Event: 42608.180 Thread 0x00000204492605a0 DEOPT UNPACKING pc=0x00000204699446a2 sp=0x000000ca720fc6b8 mode 2
Event: 42608.180 Thread 0x00000204492605a0 Uncommon trap: trap_request=0xffffff45 fr.pc=0x000002046a98c1dc relative=0x000000000000049c
Event: 42608.180 Thread 0x00000204492605a0 Uncommon trap: reason=unstable_if action=reinterpret pc=0x000002046a98c1dc method=org.apache.tomcat.util.net.SocketBufferHandler.setWriteBufferConfiguredForWrite(Z)V @ 21 c2
Event: 42608.180 Thread 0x00000204492605a0 DEOPT PACKING pc=0x000002046a98c1dc sp=0x000000ca720fe660
Event: 42608.180 Thread 0x00000204492605a0 DEOPT UNPACKING pc=0x00000204699446a2 sp=0x000000ca720fe5c0 mode 2
Event: 42608.181 Thread 0x00000204492605a0 Uncommon trap: trap_request=0xffffffde fr.pc=0x000002046a1007e4 relative=0x0000000000000fa4
Event: 42608.181 Thread 0x00000204492605a0 Uncommon trap: reason=class_check action=maybe_recompile pc=0x000002046a1007e4 method=org.apache.coyote.http11.Http11InputBuffer.recycle()V @ 28 c2
Event: 42608.181 Thread 0x00000204492605a0 DEOPT PACKING pc=0x000002046a1007e4 sp=0x000000ca720ff230
Event: 42608.181 Thread 0x00000204492605a0 DEOPT UNPACKING pc=0x00000204699446a2 sp=0x000000ca720ff148 mode 2

Classes loaded (20 events):
Event: 28196.083 Loading class java/util/ArrayList$SubList$2
Event: 28196.085 Loading class java/util/ArrayList$SubList$2 done
Event: 34507.582 Loading class java/util/concurrent/locks/AbstractQueuedSynchronizer$SharedNode
Event: 34507.584 Loading class java/util/concurrent/locks/AbstractQueuedSynchronizer$SharedNode done
Event: 34507.671 Loading class java/util/AbstractMap$2
Event: 34507.675 Loading class java/util/AbstractMap$2 done
Event: 34507.694 Loading class java/util/AbstractMap$ValueIterator
Event: 34507.697 Loading class java/util/AbstractMap$ValueIterator done
Event: 34508.312 Loading class java/lang/ref/Finalizer$2
Event: 34508.314 Loading class java/lang/ref/Finalizer$2 done
Event: 34508.314 Loading class java/lang/ref/Finalizer$1
Event: 34508.318 Loading class java/lang/ref/Finalizer$1 done
Event: 34511.825 Loading class java/lang/invoke/MethodHandleImpl$CountingWrapper$1
Event: 34511.826 Loading class java/lang/invoke/MethodHandleImpl$CountingWrapper$1 done
Event: 34514.953 Loading class java/time/DurationEditor
Event: 34514.953 Loading class java/time/DurationEditor done
Event: 37418.829 Loading class java/time/DurationEditor
Event: 37418.829 Loading class java/time/DurationEditor done
Event: 40465.254 Loading class sun/util/locale/LocaleExtensions
Event: 40465.261 Loading class sun/util/locale/LocaleExtensions done

Classes unloaded (20 events):
Event: 39263.007 Thread 0x0000020476a0cf50 Unloading class 0x0000020401bb4a90 'com/kiet/controller/ShopController'
Event: 39263.007 Thread 0x0000020476a0cf50 Unloading class 0x0000020401bb4878 'com/kiet/controller/OrderController'
Event: 39263.007 Thread 0x0000020476a0cf50 Unloading class 0x0000020401bb4660 'com/kiet/controller/LaptopController'
Event: 39263.007 Thread 0x0000020476a0cf50 Unloading class 0x0000020401bb4448 'com/kiet/controller/CategoryController'
Event: 39263.007 Thread 0x0000020476a0cf50 Unloading class 0x0000020401bb4218 'com/kiet/controller/CartController'
Event: 39263.007 Thread 0x0000020476a0cf50 Unloading class 0x0000020401bb4000 'com/kiet/controller/AuthController'
Event: 39263.007 Thread 0x0000020476a0cf50 Unloading class 0x0000020401bd2c38 'com/kiet/controller/AdminShopController'
Event: 39263.007 Thread 0x0000020476a0cf50 Unloading class 0x0000020401bd2a20 'com/kiet/controller/AdminOrderController'
Event: 39263.007 Thread 0x0000020476a0cf50 Unloading class 0x0000020401bd2800 'com/kiet/controller/AdminLaptopController'
Event: 39263.007 Thread 0x0000020476a0cf50 Unloading class 0x0000020401be5410 'com/kiet/config/JwtProvider'
Event: 39263.007 Thread 0x0000020476a0cf50 Unloading class 0x0000020401be5200 'com/kiet/config/AppConfig'
Event: 39263.007 Thread 0x0000020476a0cf50 Unloading class 0x0000020401be5000 'com/kiet/ECommerceApplication'
Event: 40397.317 Thread 0x0000020476a0cf50 Unloading class 0x000002040135c400 'java/lang/invoke/LambdaForm$MH+0x000002040135c400'
Event: 40397.317 Thread 0x0000020476a0cf50 Unloading class 0x000002040103cc00 'java/lang/invoke/LambdaForm$MH+0x000002040103cc00'
Event: 41466.552 Thread 0x0000020476a0cf50 Unloading class 0x0000020401400400 'java/lang/invoke/LambdaForm$MH+0x0000020401400400'
Event: 41466.552 Thread 0x0000020476a0cf50 Unloading class 0x0000020401bd1000 'java/lang/invoke/LambdaForm$MH+0x0000020401bd1000'
Event: 42593.868 Thread 0x0000020476a0cf50 Unloading class 0x0000020401bb1400 'java/lang/invoke/LambdaForm$DMH+0x0000020401bb1400'
Event: 42593.868 Thread 0x0000020476a0cf50 Unloading class 0x0000020401bb1000 'java/lang/invoke/LambdaForm$MH+0x0000020401bb1000'
Event: 42593.868 Thread 0x0000020476a0cf50 Unloading class 0x0000020401ba8000 'java/lang/invoke/LambdaForm$MH+0x0000020401ba8000'
Event: 42593.868 Thread 0x0000020476a0cf50 Unloading class 0x0000020401ba5400 'java/lang/invoke/LambdaForm$MH+0x0000020401ba5400'

Classes redefined (0 events):
No events

Internal exceptions (20 events):
Event: 37421.116 Thread 0x000002044b713f70 Exception <a 'java/lang/NoClassDefFoundError'{0x000000008f2ef880}: liquibase/integration/spring/SpringLiquibase> (0x000000008f2ef880) 
thrown [s\open\src\hotspot\share\oops\constantPool.cpp, line 872]
Event: 37421.120 Thread 0x000002044b713f70 Exception <a 'java/lang/NoClassDefFoundError'{0x000000008f15ebe8}: org/jooq/DSLContext> (0x000000008f15ebe8) 
thrown [s\open\src\hotspot\share\oops\constantPool.cpp, line 872]
Event: 37421.120 Thread 0x000002044b713f70 Exception <a 'java/lang/NoClassDefFoundError'{0x000000008f16c1b8}: org/springframework/batch/core/repository/JobRepository> (0x000000008f16c1b8) 
thrown [s\open\src\hotspot\share\oops\constantPool.cpp, line 872]
Event: 37421.120 Thread 0x000002044b713f70 Exception <a 'java/lang/NoClassDefFoundError'{0x000000008f16c810}: org/quartz/Scheduler> (0x000000008f16c810) 
thrown [s\open\src\hotspot\share\oops\constantPool.cpp, line 872]
Event: 37421.120 Thread 0x000002044b713f70 Exception <a 'java/lang/NoClassDefFoundError'{0x000000008f16ce90}: org/springframework/session/jdbc/JdbcIndexedSessionRepository> (0x000000008f16ce90) 
thrown [s\open\src\hotspot\share\oops\constantPool.cpp, line 872]
Event: 37421.179 Thread 0x000002044b713f70 Exception <a 'java/io/FileNotFoundException'{0x000000008ea31ca0}> (0x000000008ea31ca0) 
thrown [s\open\src\hotspot\share\prims\jni.cpp, line 520]
Event: 37421.200 Thread 0x000002044b713f70 Exception <a 'java/io/FileNotFoundException'{0x000000008e837708}> (0x000000008e837708) 
thrown [s\open\src\hotspot\share\prims\jni.cpp, line 520]
Event: 37421.342 Thread 0x000002044b713f70 Implicit null exception at 0x000002046a330543 to 0x000002046a330ae8
Event: 37421.367 Thread 0x000002044b713f70 Implicit null exception at 0x000002046a103f4c to 0x000002046a104558
Event: 39193.278 Thread 0x000002044d1b0060 Implicit null exception at 0x000002046a2e617b to 0x000002046a2e7158
Event: 39193.290 Thread 0x000002044d1b0060 Implicit null exception at 0x000002046a2e617b to 0x000002046a2e7158
Event: 39193.291 Thread 0x000002044d1b0060 Implicit null exception at 0x000002046a2e617b to 0x000002046a2e7158
Event: 39193.292 Thread 0x000002044d1b0060 Implicit null exception at 0x000002046a2e617b to 0x000002046a2e7158
Event: 39851.508 Thread 0x000002044b712530 Exception <a 'java/lang/NoSuchMethodError'{0x000000008ef9fcc8}: 'void java.lang.invoke.DelegatingMethodHandle$Holder.reinvoke_L(java.lang.Object, java.lang.Object, int)'> (0x000000008ef9fcc8) 
thrown [s\open\src\hotspot\share\interpreter\linkResolver.cpp, line 774]
Event: 40651.188 Thread 0x000002044b710460 Implicit null exception at 0x000002046a487dba to 0x000002046a4880dc
Event: 40957.902 Thread 0x000002044d1b0d80 Exception <a 'java/io/IOException'{0x000000008ea6e950}> (0x000000008ea6e950) 
thrown [s\open\src\hotspot\share\prims\jni.cpp, line 520]
Event: 40957.928 Thread 0x000002044d1b0d80 Exception <a 'java/io/IOException'{0x000000008ea6f8c8}> (0x000000008ea6f8c8) 
thrown [s\open\src\hotspot\share\prims\jni.cpp, line 520]
Event: 42121.048 Thread 0x0000020449262670 Implicit null exception at 0x000002046aa0ec5a to 0x000002046aa0eca8
Event: 42608.164 Thread 0x00000204492605a0 Exception <a 'java/io/IOException'{0x000000009084ad18}> (0x000000009084ad18) 
thrown [s\open\src\hotspot\share\prims\jni.cpp, line 520]
Event: 42608.180 Thread 0x00000204492605a0 Exception <a 'java/io/IOException'{0x000000009086dc80}> (0x000000009086dc80) 
thrown [s\open\src\hotspot\share\prims\jni.cpp, line 520]

ZGC Phase Switch (0 events):
No events

VM Operations (20 events):
Event: 42603.762 Executing VM operation: G1PauseRemark
Event: 42603.810 Executing VM operation: G1PauseRemark done
Event: 42603.818 Executing VM operation: G1PauseCleanup
Event: 42603.818 Executing VM operation: G1PauseCleanup done
Event: 42604.823 Executing VM operation: Cleanup
Event: 42604.823 Executing VM operation: Cleanup done
Event: 42604.850 Executing VM operation: G1CollectForAllocation (G1 Evacuation Pause)
Event: 42604.852 Executing VM operation: G1CollectForAllocation (G1 Evacuation Pause) done
Event: 42605.855 Executing VM operation: Cleanup
Event: 42605.855 Executing VM operation: Cleanup done
Event: 42605.977 Executing VM operation: G1CollectForAllocation (G1 Evacuation Pause)
Event: 42605.987 Executing VM operation: G1CollectForAllocation (G1 Evacuation Pause) done
Event: 42606.992 Executing VM operation: G1CollectForAllocation (G1 Evacuation Pause)
Event: 42606.993 Executing VM operation: G1CollectForAllocation (G1 Evacuation Pause) done
Event: 42607.015 Executing VM operation: G1PauseRemark
Event: 42607.017 Executing VM operation: G1PauseRemark done
Event: 42607.025 Executing VM operation: G1PauseCleanup
Event: 42607.025 Executing VM operation: G1PauseCleanup done
Event: 42608.022 Executing VM operation: G1CollectForAllocation (G1 Evacuation Pause)
Event: 42608.023 Executing VM operation: G1CollectForAllocation (G1 Evacuation Pause) done

Memory protections (0 events):
No events

Nmethod flushes (20 events):
Event: 42607.017 Thread 0x0000020476a0cf50 flushing  nmethod 0x000002046383d110
Event: 42607.017 Thread 0x0000020476a0cf50 flushing  nmethod 0x0000020463a8cd10
Event: 42607.017 Thread 0x0000020476a0cf50 flushing  nmethod 0x0000020463aa4510
Event: 42607.017 Thread 0x0000020476a0cf50 flushing  nmethod 0x0000020462480c10
Event: 42607.017 Thread 0x0000020476a0cf50 flushing  nmethod 0x0000020462633310
Event: 42607.017 Thread 0x0000020476a0cf50 flushing  nmethod 0x0000020462637110
Event: 42607.017 Thread 0x0000020476a0cf50 flushing  nmethod 0x0000020462f36090
Event: 42607.017 Thread 0x0000020476a0cf50 flushing  nmethod 0x0000020462f3c110
Event: 42607.017 Thread 0x0000020476a0cf50 flushing  nmethod 0x0000020463449710
Event: 42607.017 Thread 0x0000020476a0cf50 flushing  nmethod 0x0000020463871210
Event: 42607.017 Thread 0x0000020476a0cf50 flushing  nmethod 0x000002046284c890
Event: 42607.017 Thread 0x0000020476a0cf50 flushing  nmethod 0x0000020462c01610
Event: 42607.017 Thread 0x0000020476a0cf50 flushing  nmethod 0x0000020462c23210
Event: 42607.017 Thread 0x0000020476a0cf50 flushing  nmethod 0x000002046337f210
Event: 42607.017 Thread 0x0000020476a0cf50 flushing  nmethod 0x0000020463387c10
Event: 42607.017 Thread 0x0000020476a0cf50 flushing  nmethod 0x0000020463761210
Event: 42607.017 Thread 0x0000020476a0cf50 flushing  nmethod 0x00000204639ebe10
Event: 42607.017 Thread 0x0000020476a0cf50 flushing  nmethod 0x00000204639f2690
Event: 42607.017 Thread 0x0000020476a0cf50 flushing  nmethod 0x00000204639f5210
Event: 42607.017 Thread 0x0000020476a0cf50 flushing  nmethod 0x0000020463a35210

Events (20 events):
Event: 40983.561 Thread 0x000002044b7138e0 Thread added: 0x000002044d1ad270
Event: 40983.571 Thread 0x000002044d1ad270 Thread added: 0x000002044d1b1aa0
Event: 40993.553 Thread 0x000002044d1ad270 Thread exited: 0x000002044d1ad270
Event: 40993.616 Thread 0x000002044d1b1aa0 Thread exited: 0x000002044d1b1aa0
Event: 40995.502 Thread 0x000002044b7138e0 Thread added: 0x000002044d1aecb0
Event: 40995.505 Thread 0x000002044d1aecb0 Thread added: 0x000002044d1b2e50
Event: 41004.278 Thread 0x000002044d1aecb0 Thread exited: 0x000002044d1aecb0
Event: 41004.324 Thread 0x000002044d1b2e50 Thread exited: 0x000002044d1b2e50
Event: 42593.425 Thread 0x0000020476a478c0 Thread added: 0x000002044b6d4f80
Event: 42593.429 Thread 0x0000020476a478c0 Thread added: 0x000002044b6d7190
Event: 42594.287 Thread 0x000002044b6d7190 Thread exited: 0x000002044b6d7190
Event: 42594.417 Thread 0x000002044b6d4f80 Thread exited: 0x000002044b6d4f80
Event: 42597.854 Thread 0x0000020476a47200 Thread added: 0x000002044b6d41e0
Event: 42600.238 Thread 0x000002044b6d41e0 Thread exited: 0x000002044b6d41e0
Event: 42601.222 Thread 0x0000020476a478c0 Thread added: 0x000002044b6d4f80
Event: 42601.367 Thread 0x000002044b6d4f80 Thread exited: 0x000002044b6d4f80
Event: 42605.461 Thread 0x0000020476a47200 Thread added: 0x000002044b6d4f80
Event: 42606.698 Thread 0x000002044b6d4f80 Thread exited: 0x000002044b6d4f80
Event: 42608.175 Thread 0x0000020476a478c0 Thread added: 0x000002044b6d26a0
Event: 42608.176 Thread 0x0000020476a478c0 Thread added: 0x000002044b6d0490


Dynamic libraries:
0x00007ff69b5c0000 - 0x00007ff69b5d0000 	C:\Program Files\Java\jdk-22\bin\java.exe
0x00007ffa89010000 - 0x00007ffa89227000 	C:\WINDOWS\SYSTEM32\ntdll.dll
0x00007ffa87970000 - 0x00007ffa87a34000 	C:\WINDOWS\System32\KERNEL32.DLL
0x00007ffa86560000 - 0x00007ffa86917000 	C:\WINDOWS\System32\KERNELBASE.dll
0x00007ffa86320000 - 0x00007ffa86431000 	C:\WINDOWS\System32\ucrtbase.dll
0x00007ffa67e00000 - 0x00007ffa67e1b000 	C:\Program Files\Java\jdk-22\bin\VCRUNTIME140.dll
0x00007ffa63c50000 - 0x00007ffa63c67000 	C:\Program Files\Java\jdk-22\bin\jli.dll
0x00007ffa87360000 - 0x00007ffa8750f000 	C:\WINDOWS\System32\USER32.dll
0x00007ffa67a70000 - 0x00007ffa67d03000 	C:\WINDOWS\WinSxS\amd64_microsoft.windows.common-controls_6595b64144ccf1df_6.0.22621.3672_none_2713b9d173822955\COMCTL32.dll
0x00007ffa86ae0000 - 0x00007ffa86b06000 	C:\WINDOWS\System32\win32u.dll
0x00007ffa88430000 - 0x00007ffa884d7000 	C:\WINDOWS\System32\msvcrt.dll
0x00007ffa87330000 - 0x00007ffa87359000 	C:\WINDOWS\System32\GDI32.dll
0x00007ffa86440000 - 0x00007ffa86558000 	C:\WINDOWS\System32\gdi32full.dll
0x00007ffa86a40000 - 0x00007ffa86ada000 	C:\WINDOWS\System32\msvcp_win.dll
0x00007ffa86e50000 - 0x00007ffa86e81000 	C:\WINDOWS\System32\IMM32.DLL
0x00007ffa81830000 - 0x00007ffa8183c000 	C:\Program Files\Java\jdk-22\bin\vcruntime140_1.dll
0x00007ffa594f0000 - 0x00007ffa5957e000 	C:\Program Files\Java\jdk-22\bin\msvcp140.dll
0x00007ff9f7280000 - 0x00007ff9f7fc9000 	C:\Program Files\Java\jdk-22\bin\server\jvm.dll
0x00007ffa86ff0000 - 0x00007ffa870a2000 	C:\WINDOWS\System32\ADVAPI32.dll
0x00007ffa887f0000 - 0x00007ffa88898000 	C:\WINDOWS\System32\sechost.dll
0x00007ffa86920000 - 0x00007ffa86948000 	C:\WINDOWS\System32\bcrypt.dll
0x00007ffa88eb0000 - 0x00007ffa88fc4000 	C:\WINDOWS\System32\RPCRT4.dll
0x00007ffa883b0000 - 0x00007ffa88421000 	C:\WINDOWS\System32\WS2_32.dll
0x00007ffa86140000 - 0x00007ffa8618d000 	C:\WINDOWS\SYSTEM32\POWRPROF.dll
0x00007ffa82110000 - 0x00007ffa82144000 	C:\WINDOWS\SYSTEM32\WINMM.dll
0x00007ffa7ffd0000 - 0x00007ffa7ffda000 	C:\WINDOWS\SYSTEM32\VERSION.dll
0x00007ffa86020000 - 0x00007ffa86033000 	C:\WINDOWS\SYSTEM32\UMPDC.dll
0x00007ffa85370000 - 0x00007ffa85388000 	C:\WINDOWS\SYSTEM32\kernel.appcore.dll
0x00007ffa67e60000 - 0x00007ffa67e6a000 	C:\Program Files\Java\jdk-22\bin\jimage.dll
0x00007ffa83d60000 - 0x00007ffa83f92000 	C:\WINDOWS\SYSTEM32\DBGHELP.DLL
0x00007ffa875d0000 - 0x00007ffa8795e000 	C:\WINDOWS\System32\combase.dll
0x00007ffa884e0000 - 0x00007ffa885b7000 	C:\WINDOWS\System32\OLEAUT32.dll
0x00007ffa79830000 - 0x00007ffa79862000 	C:\WINDOWS\SYSTEM32\dbgcore.DLL
0x00007ffa86950000 - 0x00007ffa869cb000 	C:\WINDOWS\System32\bcryptPrimitives.dll
0x00007ffa67df0000 - 0x00007ffa67dff000 	C:\Program Files\Java\jdk-22\bin\instrument.dll
0x00007ffa63c30000 - 0x00007ffa63c4e000 	C:\Program Files\Java\jdk-22\bin\java.dll
0x00007ffa87b40000 - 0x00007ffa883a9000 	C:\WINDOWS\System32\SHELL32.dll
0x00007ffa88640000 - 0x00007ffa887e5000 	C:\WINDOWS\System32\ole32.dll
0x00007ffa84290000 - 0x00007ffa84b8f000 	C:\WINDOWS\SYSTEM32\windows.storage.dll
0x00007ffa84150000 - 0x00007ffa8428f000 	C:\WINDOWS\SYSTEM32\wintypes.dll
0x00007ffa87a40000 - 0x00007ffa87b39000 	C:\WINDOWS\System32\SHCORE.dll
0x00007ffa87510000 - 0x00007ffa8756e000 	C:\WINDOWS\System32\shlwapi.dll
0x00007ffa86250000 - 0x00007ffa86277000 	C:\WINDOWS\SYSTEM32\profapi.dll
0x00007ffa10240000 - 0x00007ffa10317000 	C:\Program Files\Java\jdk-22\bin\jsvml.dll
0x00007ffa63c10000 - 0x00007ffa63c27000 	C:\Program Files\Java\jdk-22\bin\zip.dll
0x00007ffa63c00000 - 0x00007ffa63c10000 	C:\Program Files\Java\jdk-22\bin\net.dll
0x00007ffa857e0000 - 0x00007ffa85849000 	C:\WINDOWS\system32\mswsock.dll
0x00007ffa63bb0000 - 0x00007ffa63bc6000 	C:\Program Files\Java\jdk-22\bin\nio.dll
0x00007ffa594d0000 - 0x00007ffa594ea000 	D:\java\IntelliJ IDEA Community Edition 2022.3\bin\breakgen64.dll
0x00007ffa63ba0000 - 0x00007ffa63ba9000 	C:\Program Files\Java\jdk-22\bin\extnet.dll
0x00007ffa63930000 - 0x00007ffa6393a000 	C:\Program Files\Java\jdk-22\bin\management.dll
0x00007ffa60e00000 - 0x00007ffa60e0b000 	C:\Program Files\Java\jdk-22\bin\management_ext.dll
0x00007ffa87960000 - 0x00007ffa87968000 	C:\WINDOWS\System32\PSAPI.DLL
0x00007ffa59ee0000 - 0x00007ffa59eeb000 	C:\Program Files\Java\jdk-22\bin\le.dll
0x00007ffa594c0000 - 0x00007ffa594ce000 	C:\Program Files\Java\jdk-22\bin\sunmscapi.dll
0x00007ffa86b10000 - 0x00007ffa86c76000 	C:\WINDOWS\System32\CRYPT32.dll
0x00007ffa85bd0000 - 0x00007ffa85bfd000 	C:\WINDOWS\SYSTEM32\ncrypt.dll
0x00007ffa85b90000 - 0x00007ffa85bc7000 	C:\WINDOWS\SYSTEM32\NTASN1.dll
0x00007ffa85a30000 - 0x00007ffa85a4b000 	C:\WINDOWS\SYSTEM32\CRYPTSP.dll
0x00007ffa852d0000 - 0x00007ffa85305000 	C:\WINDOWS\system32\rsaenh.dll
0x00007ffa858d0000 - 0x00007ffa858f8000 	C:\WINDOWS\SYSTEM32\USERENV.dll
0x00007ffa85a50000 - 0x00007ffa85a5c000 	C:\WINDOWS\SYSTEM32\CRYPTBASE.dll
0x00007ffa84df0000 - 0x00007ffa84e1d000 	C:\WINDOWS\SYSTEM32\IPHLPAPI.DLL
0x00007ffa87570000 - 0x00007ffa87579000 	C:\WINDOWS\System32\NSI.dll
0x00007ffa82c40000 - 0x00007ffa82c50000 	C:\Program Files\Java\jdk-22\bin\verify.dll
0x00007ffa84e60000 - 0x00007ffa84f62000 	C:\WINDOWS\SYSTEM32\DNSAPI.dll
0x00007ffa7ebf0000 - 0x00007ffa7ebfa000 	C:\Windows\System32\rasadhlp.dll
0x00007ffa7fd30000 - 0x00007ffa7fdb3000 	C:\WINDOWS\System32\fwpuclnt.dll
0x00007ffa60e10000 - 0x00007ffa60e18000 	C:\WINDOWS\system32\wshunix.dll

dbghelp: loaded successfully - version: 4.0.5 - missing functions: none
symbol engine: initialized successfully - sym options: 0x614 - pdb path: .;C:\Program Files\Java\jdk-22\bin;C:\WINDOWS\SYSTEM32;C:\WINDOWS\WinSxS\amd64_microsoft.windows.common-controls_6595b64144ccf1df_6.0.22621.3672_none_2713b9d173822955;C:\Program Files\Java\jdk-22\bin\server;D:\java\IntelliJ IDEA Community Edition 2022.3\bin

VM Arguments:
jvm_args: -javaagent:D:\java\IntelliJ IDEA Community Edition 2022.3\lib\idea_rt.jar=54109:D:\java\IntelliJ IDEA Community Edition 2022.3\bin -Dfile.encoding=UTF-8 -Dsun.stdout.encoding=UTF-8 -Dsun.stderr.encoding=UTF-8 
java_command: com.kiet.ECommerceApplication
java_class_path (initial): D:\New folder\e-commerce-test\e-commerce\target\classes;C:\Users\DUONG TUAN KIET\.m2\repository\org\springframework\boot\spring-boot-starter-data-jpa\3.3.3\spring-boot-starter-data-jpa-3.3.3.jar;C:\Users\DUONG TUAN KIET\.m2\repository\org\springframework\boot\spring-boot-starter-aop\3.3.3\spring-boot-starter-aop-3.3.3.jar;C:\Users\DUONG TUAN KIET\.m2\repository\org\aspectj\aspectjweaver\1.9.22.1\aspectjweaver-1.9.22.1.jar;C:\Users\DUONG TUAN KIET\.m2\repository\org\springframework\boot\spring-boot-starter-jdbc\3.3.3\spring-boot-starter-jdbc-3.3.3.jar;C:\Users\DUONG TUAN KIET\.m2\repository\com\zaxxer\HikariCP\5.1.0\HikariCP-5.1.0.jar;C:\Users\DUONG TUAN KIET\.m2\repository\org\springframework\spring-jdbc\6.1.12\spring-jdbc-6.1.12.jar;C:\Users\DUONG TUAN KIET\.m2\repository\org\hibernate\orm\hibernate-core\6.5.2.Final\hibernate-core-6.5.2.Final.jar;C:\Users\DUONG TUAN KIET\.m2\repository\jakarta\persistence\jakarta.persistence-api\3.1.0\jakarta.persistence-api-3.1.0.jar;C:\Users\DUONG TUAN KIET\.m2\repository\jakarta\transaction\jakarta.transaction-api\2.0.1\jakarta.transaction-api-2.0.1.jar;C:\Users\DUONG TUAN KIET\.m2\repository\org\jboss\logging\jboss-logging\3.5.3.Final\jboss-logging-3.5.3.Final.jar;C:\Users\DUONG TUAN KIET\.m2\repository\org\hibernate\common\hibernate-commons-annotations\6.0.6.Final\hibernate-commons-annotations-6.0.6.Final.jar;C:\Users\DUONG TUAN KIET\.m2\repository\io\smallrye\jandex\3.1.2\jandex-3.1.2.jar;C:\Users\DUONG TUAN KIET\.m2\repository\com\fasterxml\classmate\1.7.0\classmate-1.7.0.jar;C:\Users\DUONG TUAN KIET\.m2\repository\net\bytebuddy\byte-buddy\1.14.19\byte-buddy-1.14.19.jar;C:\Users\DUONG TUAN KIET\.m2\repository\org\glassfish\jaxb\jaxb-runtime\4.0.5\jaxb-runtime-4.0.5.jar;C:\Users\DUONG TUAN KIET\.m2\repository\org\glassfish\jaxb\jaxb-core\4.0.5\jaxb-core-4.0.5.jar;C:\Users\DUONG TUAN KIET\.m2\repository\org\eclipse\angus\angus-activation\2.0.2\angus-activation-2.0.2.jar;C:\Users\DUONG TUAN KIET\.m2\repository\org\glassfish\jaxb\txw2\4.0.5\txw2-4.0.5.jar;C:\Users\DUONG TUAN KIET\.m2\repository\com\sun\istack\istack-commons-runtime\4.1.2\istack-commons-runtime-4.1.2.jar;C:\Users\DUONG TUAN KIET\.m2\repository\jakarta\inject\jakarta.inject-api\2.0.1\jakarta.inject-api-2.0.1.jar;C:\Users\DUONG TUAN KIET\.m2\repository\org\antlr\antlr4-runtime\4.13.0\antlr4-runtime-4.13.0.jar;C:\Users\DUONG TUAN KIET\.m2\repository\org\springframework\data\spring-data-jpa\3.3.3\spring-data-jpa-3.3.3.jar;C:\Users\DUONG TUAN KIET\.m2\repository\org\springframework\data\spring-data-commons\3.3.3\spring-data-commons-3.3.3.jar;C:\Users\DUONG TUAN KIET\.m2\repository\org\springframework\spring-orm\6.1.12\spring-orm-6.1.12.jar;C:\Users\DUONG TUAN KIET\.m2\repository\org\springframework\spring-context\6.1.12\spring-context-6.1.12.jar;C:\Users\DUONG TUAN KIET\.m2\repository\org\springframework\spring-tx\6.1.12\spring-tx-6.1.12.jar;C:\Users\DUONG TUAN KIET\.m2\repository\org\springframework\spring-beans\6.1.12\spring-beans-6.1.12.jar;C:\Users\DUONG TUAN KIET\.m2\repository\jakarta\annotation\jakarta.annotation-api\2.1.1\jakarta.annotation-api-2.1.1.jar;C:\Users\DUONG TUAN KIET\.m2\repository\org\slf4j\slf4j-api\2.0.16\slf4j-api-2.0.16.jar;C:\Users\DUONG TUAN KIET\.m2\repository\org\springframework\spring-aspects\6.1.12\spring-aspects-6.1.12.jar;C:\Users\DUONG TUAN KIET\.m2\repository\org\springframework\boot\spring-boot-starter-security\3.3.3\spring-boot-starter-security-3.3.3.jar;C:\Users\DUONG TUAN KIET\.m2\repository\org\springframework\boot\spring-boot-starter\3.3.3\spring-boot-starter-3.3.3.jar;C:\Users\DUONG TUAN KIET\.m2\repository\org\springframework\boot\spring-boot-starter-logging\3.3.3\spring-boot-starter-logging-3.3.3.jar;C:\Users\DUONG TUAN KIET\.m2\repository\ch\qos\logback\logback-classic\1.5.7\logback-classic-1.5.7.jar;C:\Users\DUONG TUAN KIET\.m2\repository\ch\qos\logback\logback-core\1.5.7\logback-core-1.5.7.jar;C:\Users\DUONG TUAN KIET\.m2\repository\org\apache\logging\log4j\log4j-to-slf4j\2.23.1\log4j-to-slf4j-2.23.1.jar;C:\Users\DUONG TUAN KIET\.m2\repository\org\apache\logging\log4j\log4j-api\2.23.1\log4j-api-2.23.1.jar;C:\Users\DUONG TUAN KIET\.m2\repository\org\slf4j\jul-to-slf4j\2.0.16\jul-to-slf4j-2.0.16.jar;C:\Users\DUONG TUAN KIET\.m2\repository\org\yaml\snakeyaml\2.2\snakeyaml-2.2.jar;C:\Users\DUONG TUAN KIET\.m2\repository\org\springframework\spring-aop\6.1.12\spring-aop-6.1.12.jar;C:\Users\DUONG TUAN KIET\.m2\repository\org\springframework\security\spring-security-config\6.3.3\spring-security-config-6.3.3.jar;C:\Users\DUONG TUAN KIET\.m2\repository\org\springframework\security\spring-security-web\6.3.3\spring-security-web-6.3.3.jar;C:\Users\DUONG TUAN KIET\.m2\repository\org\springframework\spring-expression\6.1.12\spring-expression-6.1.12.jar;C:\Users\DUONG TUAN KIET\.m2\repository\org\springframework\boot\spring-boot-starter-web\3.3.3\spring-boot-starter-web-3.3.3.jar;C:\Users\DUONG TUAN KIET\.m2\repository\org\springframework\boot\spring-boot-starter-json\3.3.3\spring-boot-starter-json-3.3.3.jar;C:\Users\DUONG TUAN KIET\.m2\repository\com\fasterxml\jackson\datatype\jackson-datatype-jdk8\2.17.2\jackson-datatype-jdk8-2.17.2.jar;C:\Users\DUONG TUAN KIET\.m2\repository\com\fasterxml\jackson\datatype\jackson-datatype-jsr310\2.17.2\jackson-datatype-jsr310-2.17.2.jar;C:\Users\DUONG TUAN KIET\.m2\repository\com\fasterxml\jackson\module\jackson-module-parameter-names\2.17.2\jackson-module-parameter-names-2.17.2.jar;C:\Users\DUONG TUAN KIET\.m2\repository\org\springframework\boot\spring-boot-starter-tomcat\3.3.3\spring-boot-starter-tomcat-3.3.3.jar;C:\Users\DUONG TUAN KIET\.m2\repository\org\apache\tomcat\embed\tomcat-embed-core\10.1.28\tomcat-embed-core-10.1.28.jar;C:\Users\DUONG TUAN KIET\.m2\repository\org\apache\tomcat\embed\tomcat-embed-el\10.1.28\tomcat-embed-el-10.1.28.jar;C:\Users\DUONG TUAN KIET\.m2\repository\org\apache\tomcat\embed\tomcat-embed-websocket\10.1.28\tomcat-embed-websocket-10.1.28.jar;C:\Users\DUONG TUAN KIET\.m2\repository\org\springframework\spring-web\6.1.12\spring-web-6.1.12.jar;C:\Users\DUONG TUAN KIET\.m2\repository\io\micrometer\micrometer-observation\1.13.3\micrometer-observation-1.13.3.jar;C:\Users\DUONG TUAN KIET\.m2\repository\io\micrometer\micrometer-commons\1.13.3\micrometer-commons-1.13.3.jar;C:\Users\DUONG TUAN KIET\.m2\repository\org\springframework\spring-webmvc\6.1.12\spring-webmvc-6.1.12.jar;C:\Users\DUONG TUAN KIET\.m2\repository\org\springframework\boot\spring-boot-devtools\3.3.3\spring-boot-devtools-3.3.3.jar;C:\Users\DUONG TUAN KIET\.m2\repository\org\springframework\boot\spring-boot\3.3.3\spring-boot-3.3.3.jar;C:\Users\DUONG TUAN KIET\.m2\repository\org\springframework\boot\spring-boot-autoconfigure\3.3.3\spring-boot-autoconfigure-3.3.3.jar;C:\Users\DUONG TUAN KIET\.m2\repository\com\mysql\mysql-connector-j\8.3.0\mysql-connector-j-8.3.0.jar;C:\Users\DUONG TUAN KIET\.m2\repository\org\projectlombok\lombok\1.18.34\lombok-1.18.34.jar;C:\Users\DUONG TUAN KIET\.m2\repository\jakarta\xml\bind\jakarta.xml.bind-api\4.0.2\jakarta.xml.bind-api-4.0.2.jar;C:\Users\DUONG TUAN KIET\.m2\repository\jakarta\activation\jakarta.activation-api\2.1.3\jakarta.activation-api-2.1.3.jar;C:\Users\DUONG TUAN KIET\.m2\repository\org\springframework\spring-core\6.1.12\spring-core-6.1.12.jar;C:\Users\DUONG TUAN KIET\.m2\repository\org\springframework\spring-jcl\6.1.12\spring-jcl-6.1.12.jar;C:\Users\DUONG TUAN KIET\.m2\repository\org\springframework\security\spring-security-core\6.3.3\spring-security-core-6.3.3.jar;C:\Users\DUONG TUAN KIET\.m2\repository\org\springframework\security\spring-security-crypto\6.3.3\spring-security-crypto-6.3.3.jar;C:\Users\DUONG TUAN KIET\.m2\repository\io\jsonwebtoken\jjwt-api\0.11.5\jjwt-api-0.11.5.jar;C:\Users\DUONG TUAN KIET\.m2\repository\io\jsonwebtoken\jjwt-impl\0.11.5\jjwt-impl-0.11.5.jar;C:\Users\DUONG TUAN KIET\.m2\repository\io\jsonwebtoken\jjwt-jackson\0.11.5\jjwt-jackson-0.11.5.jar;C:\Users\DUONG TUAN KIET\.m2\repository\com\fasterxml\jackson\core\jackson-databind\2.17.2\jackson-databind-2.17.2.jar;C:\Users\DUONG TUAN KIET\.m2\repository\com\fasterxml\jackson\core\jackson-annotations\2.17.2\jackson-annotations-2.17.2.jar;C:\Users\DUONG TUAN KIET\.m2\repository\com\fasterxml\jackson\core\jackson-core\2.17.2\jackson-core-2.17.2.jar;C:\Users\DUONG TUAN KIET\.m2\repository\com\stripe\stripe-java\20.62.0\stripe-java-20.62.0.jar;C:\Users\DUONG TUAN KIET\.m2\repository\com\google\code\gson\gson\2.10.1\gson-2.10.1.jar
Launcher Type: SUN_STANDARD

[Global flags]
     intx CICompilerCount                          = 4                                         {product} {ergonomic}
     uint ConcGCThreads                            = 3                                         {product} {ergonomic}
     uint G1ConcRefinementThreads                  = 10                                        {product} {ergonomic}
   size_t G1HeapRegionSize                         = 1048576                                   {product} {ergonomic}
   size_t InitialHeapSize                          = 123731968                                 {product} {ergonomic}
   size_t MarkStackSize                            = 4194304                                   {product} {ergonomic}
   size_t MaxHeapSize                              = 1971322880                                {product} {ergonomic}
   size_t MaxNewSize                               = 1182793728                                {product} {ergonomic}
   size_t MinHeapDeltaBytes                        = 1048576                                   {product} {ergonomic}
   size_t MinHeapSize                              = 8388608                                   {product} {ergonomic}
    uintx NonNMethodCodeHeapSize                   = 5839372                                {pd product} {ergonomic}
    uintx NonProfiledCodeHeapSize                  = 122909434                              {pd product} {ergonomic}
    uintx ProfiledCodeHeapSize                     = 122909434                              {pd product} {ergonomic}
    uintx ReservedCodeCacheSize                    = 251658240                              {pd product} {ergonomic}
     bool SegmentedCodeCache                       = true                                      {product} {ergonomic}
   size_t SoftMaxHeapSize                          = 1971322880                             {manageable} {ergonomic}
     bool UseCompressedOops                        = true                           {product lp64_product} {ergonomic}
     bool UseG1GC                                  = true                                      {product} {ergonomic}
     bool UseLargePagesIndividualAllocation        = false                                  {pd product} {ergonomic}

Logging:
Log output configuration:
 #0: stdout all=warning uptime,level,tags foldmultilines=false
 #1: stderr all=off uptime,level,tags foldmultilines=false

Environment Variables:
PATH=C:\Program Files\Common Files\Oracle\Java\javapath;C:\Program Files (x86)\VMware\VMware Workstation\bin\;C:\Windows\system32;C:\Windows;C:\Windows\System32\Wbem;C:\Windows\System32\WindowsPowerShell\v1.0\;C:\Windows\System32\OpenSSH\;C:\Program Files\NVIDIA Corporation\NVIDIA NvDLISR;C:\WINDOWS\system32;C:\WINDOWS;C:\WINDOWS\System32\Wbem;C:\WINDOWS\System32\WindowsPowerShell\v1.0\;C:\WINDOWS\System32\OpenSSH\;C:\Users\DUONG TUAN KIET\Documents\Virtual Machines\CentOS 7\Private Shell;C:\ProgramData\chocolatey\bin;C:\Program Files (x86)\Microsoft SQL Server\160\Tools\Binn\;C:\Program Files\Microsoft SQL Server\160\Tools\Binn\;C:\Program Files\Microsoft SQL Server\Client SDK\ODBC\170\Tools\Binn\;C:\Program Files\Microsoft SQL Server\160\DTS\Binn\;C:\Program Files (x86)\Microsoft SQL Server\150\Tools\Binn\;C:\Program Files\Microsoft SQL Server\150\Tools\Binn\;C:\Program Files\Microsoft SQL Server\150\DTS\Binn\;C:\msys64\ucrt64\bin;C:\Program Files\Java\jdk-22\bin;C:\Program Files\Docker\Docker\resources\bin;D:\DownLoad\apache-maven-3.9.9-bin\apache-maven-3.9.9\bin;C:\Program Files\MySQL\MySQL Server 8.0\bin;D:\Git\Git\cmd;C:\Program Files\nodejs\;C:\Program Files\dotnet\;C:\Users\DUONG TUAN KIET\AppData\Local\Programs\Python\Python312\Scripts\;C:\Users\DUONG TUAN KIET\AppData\Local\Programs\Python\Python312\;C:\Users\DUONG TUAN KIET\AppData\Local\Microsoft\WindowsApps;D:\java\IntelliJ IDEA Community Edition 2022.3\bin;;C:\Users\DUONG TUAN KIET\AppData\Local\Programs\Microsoft VS Code\bin;C:\Users\DUONG TUAN KIET\.dotnet\tools;D:\DownLoad\apache-maven-3.9.9-bin\apache-maven-3.9.9\bin;C:\Users\DUONG TUAN KIET\AppData\Roaming\npm
USERNAME=DUONG TUAN KIET
OS=Windows_NT
PROCESSOR_IDENTIFIER=AMD64 Family 23 Model 104 Stepping 1, AuthenticAMD
TMP=C:\Users\DUONGT~1\AppData\Local\Temp
TEMP=C:\Users\DUONGT~1\AppData\Local\Temp




Periodic native trim disabled

---------------  S Y S T E M  ---------------

OS:
 Windows 11 , 64 bit Build 22621 (10.0.22621.3958)
OS uptime: 1 days 2:22 hours

CPU: total 12 (initial active 12) (12 cores per cpu, 2 threads per core) family 23 model 104 stepping 1 microcode 0x0, cx8, cmov, fxsr, ht, mmx, 3dnowpref, sse, sse2, sse3, ssse3, sse4a, sse4.1, sse4.2, popcnt, lzcnt, tsc, tscinvbit, avx, avx2, aes, clmul, bmi1, bmi2, adx, sha, fma, vzeroupper, clflush, clflushopt, rdtscp, rdpid, f16c
Processor Information for all 12 processors :
  Max Mhz: 2100, Current Mhz: 2100, Mhz Limit: 2100

Memory: 4k page, system-wide physical 7514M (614M free)
TotalPageFile size 22472M (AvailPageFile size 9M)
current process WorkingSet (physical memory assigned to process): 339M, peak: 347M
current process commit charge ("private bytes"): 424M, peak: 437M

vm_info: Java HotSpot(TM) 64-Bit Server VM (22.0.2+9-70) for windows-amd64 JRE (22.0.2+9-70), built on 2024-06-04T16:52:23Z by "mach5one" with MS VC++ 17.6 (VS2022)

END.
